<?xml version="1.0" encoding="UTF-8"?>
<robot generator="Robot 6.0.2 (Python 3.11.1 on win32)" generated="20230221 11:15:56.061" rpa="false" schemaversion="3">
<suite id="s1" name="Testcase" source="C:\Users\Usuario\Documents\python testing\ACC-Robot-Framework-Testing\Test\testcase.robot">
<test id="s1-t1" name="Creacion de sujeto pasivo" line="457">
<kw name="Given Abrir Navegador">
<kw name="Open Browser" library="Selenium2Library">
<arg>https://almacc.tustributos.com</arg>
<arg>chrome</arg>
<doc>Opens a new browser instance to the optional ``url``.</doc>
<msg timestamp="20230221 11:16:01.110" level="INFO">Opening browser 'chrome' to base url 'https://almacc.tustributos.com'.</msg>
<status status="PASS" starttime="20230221 11:16:01.110" endtime="20230221 11:16:06.213"/>
</kw>
<kw name="Maximize Browser Window" library="Selenium2Library">
<doc>Maximizes current browser window.</doc>
<status status="PASS" starttime="20230221 11:16:06.214" endtime="20230221 11:16:06.360"/>
</kw>
<status status="PASS" starttime="20230221 11:16:01.109" endtime="20230221 11:16:06.360"/>
</kw>
<kw name="Iniciar Grabacion">
<kw name="Start Video Recording" library="ScreenCapLibrary">
<arg>alias=None</arg>
<arg>name=prueba y</arg>
<arg>fps=none</arg>
<arg>size_percentage=1</arg>
<arg>embed=True</arg>
<arg>embed_width=100px</arg>
<arg>monitor=1</arg>
<doc>Starts the recording of a video in the background with the specified ``name``.
The recording can be stopped by calling the `Stop Video Recording` keyword.</doc>
<msg timestamp="20230221 11:16:08.627" level="INFO">Automatically setting a fps of 5.5</msg>
<status status="PASS" starttime="20230221 11:16:06.360" endtime="20230221 11:16:08.636"/>
</kw>
<status status="PASS" starttime="20230221 11:16:06.360" endtime="20230221 11:16:08.636"/>
</kw>
<kw name="When Iniciar sesion">
<kw name="Log my username">
<kw name="Leer username">
<var>${txtUser}</var>
<kw name="Leer Xml" library="xmlReader">
<var>${txtUser}</var>
<arg>${rutaInicioSesion}</arg>
<arg>username</arg>
<msg timestamp="20230221 11:16:08.702" level="INFO">${txtUser} = gamayatx</msg>
<status status="PASS" starttime="20230221 11:16:08.640" endtime="20230221 11:16:08.702"/>
</kw>
<msg timestamp="20230221 11:16:08.702" level="INFO">${txtUser} = gamayatx</msg>
<status status="PASS" starttime="20230221 11:16:08.640" endtime="20230221 11:16:08.702"/>
</kw>
<kw name="Input Text" library="Selenium2Library">
<arg>name=txtUserName</arg>
<arg>${txtUser}</arg>
<doc>Types the given ``text`` into the text field identified by ``locator``.</doc>
<msg timestamp="20230221 11:16:08.703" level="INFO">Typing text 'gamayatx' into text field 'name=txtUserName'.</msg>
<status status="PASS" starttime="20230221 11:16:08.702" endtime="20230221 11:16:08.836"/>
</kw>
<kw name="Sleep" library="BuiltIn">
<arg>1s</arg>
<doc>Pauses the test executed for the given time.</doc>
<msg timestamp="20230221 11:16:09.838" level="INFO">Slept 1 second</msg>
<status status="PASS" starttime="20230221 11:16:08.837" endtime="20230221 11:16:09.838"/>
</kw>
<status status="PASS" starttime="20230221 11:16:08.640" endtime="20230221 11:16:09.838"/>
</kw>
<kw name="Log my password">
<kw name="Leer password">
<var>${txtPass}</var>
<kw name="Leer Xml" library="xmlReader">
<var>${txtPass}</var>
<arg>${rutaInicioSesion}</arg>
<arg>password</arg>
<msg timestamp="20230221 11:16:09.839" level="INFO">${txtPass} = Agas1234</msg>
<status status="PASS" starttime="20230221 11:16:09.839" endtime="20230221 11:16:09.839"/>
</kw>
<msg timestamp="20230221 11:16:09.840" level="INFO">${txtPass} = Agas1234</msg>
<status status="PASS" starttime="20230221 11:16:09.838" endtime="20230221 11:16:09.840"/>
</kw>
<kw name="Input Text" library="Selenium2Library">
<arg>name=txtUserPassword</arg>
<arg>${txtPass}</arg>
<doc>Types the given ``text`` into the text field identified by ``locator``.</doc>
<msg timestamp="20230221 11:16:09.840" level="INFO">Typing text 'Agas1234' into text field 'name=txtUserPassword'.</msg>
<status status="PASS" starttime="20230221 11:16:09.840" endtime="20230221 11:16:09.980"/>
</kw>
<kw name="Sleep" library="BuiltIn">
<arg>1s</arg>
<doc>Pauses the test executed for the given time.</doc>
<msg timestamp="20230221 11:16:10.981" level="INFO">Slept 1 second</msg>
<status status="PASS" starttime="20230221 11:16:09.980" endtime="20230221 11:16:10.981"/>
</kw>
<status status="PASS" starttime="20230221 11:16:09.838" endtime="20230221 11:16:10.981"/>
</kw>
<kw name="Login">
<kw name="Click Button" library="Selenium2Library">
<arg>name=linLogin</arg>
<doc>Clicks the button identified by ``locator``.</doc>
<msg timestamp="20230221 11:16:10.982" level="INFO">Clicking button 'name=linLogin'.</msg>
<status status="PASS" starttime="20230221 11:16:10.981" endtime="20230221 11:16:15.464"/>
</kw>
<kw name="Sleep" library="BuiltIn">
<arg>1s</arg>
<doc>Pauses the test executed for the given time.</doc>
<msg timestamp="20230221 11:16:16.464" level="INFO">Slept 1 second</msg>
<status status="PASS" starttime="20230221 11:16:15.464" endtime="20230221 11:16:16.464"/>
</kw>
<status status="PASS" starttime="20230221 11:16:10.981" endtime="20230221 11:16:16.464"/>
</kw>
<kw name="Login Succesful">
<kw name="Page Should Contain" library="Selenium2Library">
<arg>Identificador:</arg>
<doc>Verifies that current page contains ``text``.</doc>
<msg timestamp="20230221 11:16:16.559" level="INFO">Current page contains text 'Identificador:'.</msg>
<status status="PASS" starttime="20230221 11:16:16.464" endtime="20230221 11:16:16.559"/>
</kw>
<kw name="Sleep" library="BuiltIn">
<arg>1s</arg>
<doc>Pauses the test executed for the given time.</doc>
<msg timestamp="20230221 11:16:17.560" level="INFO">Slept 1 second</msg>
<status status="PASS" starttime="20230221 11:16:16.559" endtime="20230221 11:16:17.560"/>
</kw>
<status status="PASS" starttime="20230221 11:16:16.464" endtime="20230221 11:16:17.560"/>
</kw>
<status status="PASS" starttime="20230221 11:16:08.639" endtime="20230221 11:16:17.560"/>
</kw>
<kw name="And Registrar datos del trámite de sujeto pasivo">
<kw name="AND Ir a trámites predeterminados">
<kw name="Get Title" library="Selenium2Library">
<var>${tempb}</var>
<doc>Returns the title of the current page.</doc>
<msg timestamp="20230221 11:16:17.564" level="INFO">${tempb} = ARI - Managua</msg>
<status status="PASS" starttime="20230221 11:16:17.560" endtime="20230221 11:16:17.564"/>
</kw>
<kw name="Log To Console" library="BuiltIn">
<arg>New windows is: \ ${tempb}</arg>
<doc>Logs the given message to the console.</doc>
<status status="PASS" starttime="20230221 11:16:17.564" endtime="20230221 11:16:17.564"/>
</kw>
<kw name="Select Frame" library="Selenium2Library">
<arg>name=fastway</arg>
<doc>Sets frame identified by ``locator`` as the current frame.</doc>
<msg timestamp="20230221 11:16:17.565" level="INFO">Selecting frame 'name=fastway'.</msg>
<status status="PASS" starttime="20230221 11:16:17.564" endtime="20230221 11:16:17.581"/>
</kw>
<kw name="Wait Until Element Is Visible" library="Selenium2Library">
<arg>name=textSearchId</arg>
<doc>Waits until the element ``locator`` is visible.</doc>
<status status="PASS" starttime="20230221 11:16:17.581" endtime="20230221 11:16:17.660"/>
</kw>
<kw name="Click Element" library="Selenium2Library">
<arg>name=buttonProceeding</arg>
<doc>Click the element identified by ``locator``.</doc>
<msg timestamp="20230221 11:16:17.660" level="INFO">Clicking element 'name=buttonProceeding'.</msg>
<status status="PASS" starttime="20230221 11:16:17.660" endtime="20230221 11:16:17.847"/>
</kw>
<kw name="Sleep" library="BuiltIn">
<arg>1s</arg>
<doc>Pauses the test executed for the given time.</doc>
<msg timestamp="20230221 11:16:18.848" level="INFO">Slept 1 second</msg>
<status status="PASS" starttime="20230221 11:16:17.847" endtime="20230221 11:16:18.848"/>
</kw>
<status status="PASS" starttime="20230221 11:16:17.560" endtime="20230221 11:16:18.848"/>
</kw>
<kw name="Sleep" library="BuiltIn">
<arg>1s</arg>
<doc>Pauses the test executed for the given time.</doc>
<msg timestamp="20230221 11:16:19.848" level="INFO">Slept 1 second</msg>
<status status="PASS" starttime="20230221 11:16:18.848" endtime="20230221 11:16:19.848"/>
</kw>
<kw name="AND Ingresar al trámite de sujeto pasivo">
<kw name="Get Title" library="Selenium2Library">
<var>${tempb}</var>
<doc>Returns the title of the current page.</doc>
<msg timestamp="20230221 11:16:19.895" level="INFO">${tempb} = ARI - Managua</msg>
<status status="PASS" starttime="20230221 11:16:19.849" endtime="20230221 11:16:19.895"/>
</kw>
<kw name="Unselect Frame" library="Selenium2Library">
<doc>Sets the main frame as the current frame.</doc>
<status status="PASS" starttime="20230221 11:16:19.895" endtime="20230221 11:16:19.898"/>
</kw>
<kw name="Log To Console" library="BuiltIn">
<arg>New windows is: \ ${tempb}</arg>
<doc>Logs the given message to the console.</doc>
<status status="PASS" starttime="20230221 11:16:19.898" endtime="20230221 11:16:19.899"/>
</kw>
<kw name="Select Frame" library="Selenium2Library">
<arg>name=rise_content</arg>
<doc>Sets frame identified by ``locator`` as the current frame.</doc>
<msg timestamp="20230221 11:16:19.899" level="INFO">Selecting frame 'name=rise_content'.</msg>
<status status="PASS" starttime="20230221 11:16:19.899" endtime="20230221 11:16:19.996"/>
</kw>
<kw name="Wait Until Element Is Visible" library="Selenium2Library">
<arg>id=dgTypeProceeding_dvClick_85</arg>
<doc>Waits until the element ``locator`` is visible.</doc>
<status status="PASS" starttime="20230221 11:16:19.996" endtime="20230221 11:16:20.023"/>
</kw>
<kw name="Click Element" library="Selenium2Library">
<arg>id=dgTypeProceeding_dvClick_85</arg>
<doc>Click the element identified by ``locator``.</doc>
<msg timestamp="20230221 11:16:20.024" level="INFO">Clicking element 'id=dgTypeProceeding_dvClick_85'.</msg>
<status status="PASS" starttime="20230221 11:16:20.023" endtime="20230221 11:16:23.963"/>
</kw>
<kw name="Sleep" library="BuiltIn">
<arg>1s</arg>
<doc>Pauses the test executed for the given time.</doc>
<msg timestamp="20230221 11:16:24.964" level="INFO">Slept 1 second</msg>
<status status="PASS" starttime="20230221 11:16:23.963" endtime="20230221 11:16:24.964"/>
</kw>
<status status="PASS" starttime="20230221 11:16:19.849" endtime="20230221 11:16:24.965"/>
</kw>
<kw name="Sleep" library="BuiltIn">
<arg>1s</arg>
<doc>Pauses the test executed for the given time.</doc>
<msg timestamp="20230221 11:16:25.966" level="INFO">Slept 1 second</msg>
<status status="PASS" starttime="20230221 11:16:24.965" endtime="20230221 11:16:25.966"/>
</kw>
<kw name="AND Validación de creación de Trámite con campos requeridos vacíos">
<kw name="Unselect Frame" library="Selenium2Library">
<doc>Sets the main frame as the current frame.</doc>
<status status="PASS" starttime="20230221 11:16:25.966" endtime="20230221 11:16:25.968"/>
</kw>
<kw name="Select Frame" library="Selenium2Library">
<arg>name=rise_content</arg>
<doc>Sets frame identified by ``locator`` as the current frame.</doc>
<msg timestamp="20230221 11:16:25.968" level="INFO">Selecting frame 'name=rise_content'.</msg>
<status status="PASS" starttime="20230221 11:16:25.968" endtime="20230221 11:16:25.980"/>
</kw>
<kw name="Sleep" library="BuiltIn">
<arg>1s</arg>
<doc>Pauses the test executed for the given time.</doc>
<msg timestamp="20230221 11:16:26.982" level="INFO">Slept 1 second</msg>
<status status="PASS" starttime="20230221 11:16:25.981" endtime="20230221 11:16:26.982"/>
</kw>
<kw name="Click Element" library="Selenium2Library">
<arg>name=ibtnCreateProceeding</arg>
<doc>Click the element identified by ``locator``.</doc>
<msg timestamp="20230221 11:16:26.982" level="INFO">Clicking element 'name=ibtnCreateProceeding'.</msg>
<status status="PASS" starttime="20230221 11:16:26.982" endtime="20230221 11:16:27.064"/>
</kw>
<kw name="Sleep" library="BuiltIn">
<arg>2s</arg>
<doc>Pauses the test executed for the given time.</doc>
<msg timestamp="20230221 11:16:29.064" level="INFO">Slept 2 seconds</msg>
<status status="PASS" starttime="20230221 11:16:27.064" endtime="20230221 11:16:29.064"/>
</kw>
<kw name="Handle Alert" library="Selenium2Library">
<arg>ACCEPT</arg>
<arg>timeout=3s</arg>
<doc>Handles the current alert and returns its message.</doc>
<msg timestamp="20230221 11:16:29.080" level="INFO">HANDLE::&lt;class 'datetime.timedelta'&gt;::0:00:03</msg>
<status status="PASS" starttime="20230221 11:16:29.064" endtime="20230221 11:16:29.083"/>
</kw>
<kw name="Sleep" library="BuiltIn">
<arg>1s</arg>
<doc>Pauses the test executed for the given time.</doc>
<msg timestamp="20230221 11:16:30.085" level="INFO">Slept 1 second</msg>
<status status="PASS" starttime="20230221 11:16:29.083" endtime="20230221 11:16:30.085"/>
</kw>
<kw name="Alert Should Be Present" library="Selenium2Library">
<doc>Verifies that an alert is present and by default, accepts it.</doc>
<msg timestamp="20230221 11:16:30.085" level="INFO">HANDLE::&lt;class 'NoneType'&gt;::None</msg>
<status status="PASS" starttime="20230221 11:16:30.085" endtime="20230221 11:16:30.089"/>
</kw>
<kw name="Log To Console" library="BuiltIn">
<arg>La alerta está presente</arg>
<doc>Logs the given message to the console.</doc>
<status status="PASS" starttime="20230221 11:16:30.089" endtime="20230221 11:16:30.090"/>
</kw>
<kw name="Sleep" library="BuiltIn">
<arg>2s</arg>
<doc>Pauses the test executed for the given time.</doc>
<msg timestamp="20230221 11:16:32.090" level="INFO">Slept 2 seconds</msg>
<status status="PASS" starttime="20230221 11:16:30.090" endtime="20230221 11:16:32.090"/>
</kw>
<status status="PASS" starttime="20230221 11:16:25.966" endtime="20230221 11:16:32.090"/>
</kw>
<kw name="AND Validación búsqueda de Cédula del solicitante, valor vacío">
<kw name="Click Element" library="Selenium2Library">
<arg>name=linkShow</arg>
<doc>Click the element identified by ``locator``.</doc>
<msg timestamp="20230221 11:16:32.091" level="INFO">Clicking element 'name=linkShow'.</msg>
<status status="PASS" starttime="20230221 11:16:32.090" endtime="20230221 11:16:32.262"/>
</kw>
<kw name="Sleep" library="BuiltIn">
<arg>1s</arg>
<doc>Pauses the test executed for the given time.</doc>
<msg timestamp="20230221 11:16:33.262" level="INFO">Slept 1 second</msg>
<status status="PASS" starttime="20230221 11:16:32.262" endtime="20230221 11:16:33.262"/>
</kw>
<kw name="Wait Until Element Is Visible" library="Selenium2Library">
<arg>xpath=//*[@id="tableMessage"]/tbody/tr/td[3]</arg>
<doc>Waits until the element ``locator`` is visible.</doc>
<status status="PASS" starttime="20230221 11:16:33.262" endtime="20230221 11:16:33.296"/>
</kw>
<kw name="Element Should Contain" library="Selenium2Library">
<arg>xpath=//*[@id="tableMessage"]/tbody/tr/td[3]</arg>
<arg>El campo Cédula del Solicitante no puede ser vacio</arg>
<doc>Verifies that element ``locator`` contains text ``expected``.</doc>
<msg timestamp="20230221 11:16:33.343" level="INFO">Element 'xpath=//*[@id="tableMessage"]/tbody/tr/td[3]' contains text 'El campo Cédula del Solicitante no puede ser vacio'.</msg>
<status status="PASS" starttime="20230221 11:16:33.297" endtime="20230221 11:16:33.343"/>
</kw>
<kw name="Sleep" library="BuiltIn">
<arg>1s</arg>
<doc>Pauses the test executed for the given time.</doc>
<msg timestamp="20230221 11:16:34.345" level="INFO">Slept 1 second</msg>
<status status="PASS" starttime="20230221 11:16:33.343" endtime="20230221 11:16:34.345"/>
</kw>
<status status="PASS" starttime="20230221 11:16:32.090" endtime="20230221 11:16:34.345"/>
</kw>
<kw name="AND Validación búsqueda de Cédula del Solicitante, valor incorrecto">
<kw name="Click Element" library="Selenium2Library">
<arg>name=textApplicantIdCard</arg>
<doc>Click the element identified by ``locator``.</doc>
<msg timestamp="20230221 11:16:34.346" level="INFO">Clicking element 'name=textApplicantIdCard'.</msg>
<status status="PASS" starttime="20230221 11:16:34.346" endtime="20230221 11:16:34.412"/>
</kw>
<kw name="Input Text" library="Selenium2Library">
<arg>name=textApplicantIdCard</arg>
<arg>0011605011026T</arg>
<doc>Types the given ``text`` into the text field identified by ``locator``.</doc>
<msg timestamp="20230221 11:16:34.413" level="INFO">Typing text '0011605011026T' into text field 'name=textApplicantIdCard'.</msg>
<status status="PASS" starttime="20230221 11:16:34.412" endtime="20230221 11:16:34.486"/>
</kw>
<kw name="Sleep" library="BuiltIn">
<arg>1s</arg>
<doc>Pauses the test executed for the given time.</doc>
<msg timestamp="20230221 11:16:35.486" level="INFO">Slept 1 second</msg>
<status status="PASS" starttime="20230221 11:16:34.486" endtime="20230221 11:16:35.486"/>
</kw>
<kw name="Click Element" library="Selenium2Library">
<arg>name=linkShow</arg>
<doc>Click the element identified by ``locator``.</doc>
<msg timestamp="20230221 11:16:35.486" level="INFO">Clicking element 'name=linkShow'.</msg>
<status status="PASS" starttime="20230221 11:16:35.486" endtime="20230221 11:16:35.549"/>
</kw>
<kw name="Wait Until Element Contains" library="Selenium2Library">
<arg>xpath=//*[@id="tableMessage"]/tbody/tr/td[3]</arg>
<arg>No se ha encontrado el contribuyente</arg>
<doc>Waits until the element ``locator`` contains ``text``.</doc>
<status status="PASS" starttime="20230221 11:16:35.549" endtime="20230221 11:16:36.015"/>
</kw>
<kw name="Sleep" library="BuiltIn">
<arg>1s</arg>
<doc>Pauses the test executed for the given time.</doc>
<msg timestamp="20230221 11:16:37.015" level="INFO">Slept 1 second</msg>
<status status="PASS" starttime="20230221 11:16:36.015" endtime="20230221 11:16:37.015"/>
</kw>
<status status="PASS" starttime="20230221 11:16:34.345" endtime="20230221 11:16:37.015"/>
</kw>
<kw name="AND Búsqueda Cédula del solicitante, valor correcto">
<kw name="Click Element" library="Selenium2Library">
<arg>name=textApplicantIdCard</arg>
<doc>Click the element identified by ``locator``.</doc>
<msg timestamp="20230221 11:16:37.016" level="INFO">Clicking element 'name=textApplicantIdCard'.</msg>
<status status="PASS" starttime="20230221 11:16:37.016" endtime="20230221 11:16:37.086"/>
</kw>
<kw name="Leer Xml" library="xmlReader">
<var>${CedulaSoli}</var>
<arg>${rutaSolicitante}</arg>
<arg>cedula</arg>
<msg timestamp="20230221 11:16:37.087" level="INFO">${CedulaSoli} = 0011605011025T</msg>
<status status="PASS" starttime="20230221 11:16:37.086" endtime="20230221 11:16:37.088"/>
</kw>
<kw name="Input Text" library="Selenium2Library">
<arg>name=textApplicantIdCard</arg>
<arg>${CedulaSoli}</arg>
<doc>Types the given ``text`` into the text field identified by ``locator``.</doc>
<msg timestamp="20230221 11:16:37.088" level="INFO">Typing text '0011605011025T' into text field 'name=textApplicantIdCard'.</msg>
<status status="PASS" starttime="20230221 11:16:37.088" endtime="20230221 11:16:37.191"/>
</kw>
<kw name="Sleep" library="BuiltIn">
<arg>1s</arg>
<doc>Pauses the test executed for the given time.</doc>
<msg timestamp="20230221 11:16:38.192" level="INFO">Slept 1 second</msg>
<status status="PASS" starttime="20230221 11:16:37.192" endtime="20230221 11:16:38.192"/>
</kw>
<kw name="Click Element" library="Selenium2Library">
<arg>name=linkShow</arg>
<doc>Click the element identified by ``locator``.</doc>
<msg timestamp="20230221 11:16:38.192" level="INFO">Clicking element 'name=linkShow'.</msg>
<status status="PASS" starttime="20230221 11:16:38.192" endtime="20230221 11:16:38.253"/>
</kw>
<kw name="Sleep" library="BuiltIn">
<arg>2s</arg>
<doc>Pauses the test executed for the given time.</doc>
<msg timestamp="20230221 11:16:40.254" level="INFO">Slept 2 seconds</msg>
<status status="PASS" starttime="20230221 11:16:38.253" endtime="20230221 11:16:40.254"/>
</kw>
<status status="PASS" starttime="20230221 11:16:37.016" endtime="20230221 11:16:40.254"/>
</kw>
<kw name="AND Registro de información requerida en la sección Contribuyente">
<kw name="Tipo de contribuyente">
<kw name="Click Element" library="Selenium2Library">
<arg>name=clientControl$ddTypeActor</arg>
<doc>Click the element identified by ``locator``.</doc>
<msg timestamp="20230221 11:16:40.255" level="INFO">Clicking element 'name=clientControl$ddTypeActor'.</msg>
<status status="PASS" starttime="20230221 11:16:40.255" endtime="20230221 11:16:40.330"/>
</kw>
<kw name="Leer Xml" library="xmlReader">
<var>${TipoPersona}</var>
<arg>${rutaContribuyente}</arg>
<arg>tipoPersona</arg>
<msg timestamp="20230221 11:16:40.343" level="INFO">${TipoPersona} = Natural</msg>
<status status="PASS" starttime="20230221 11:16:40.330" endtime="20230221 11:16:40.343"/>
</kw>
<kw name="Select From List By Label" library="Selenium2Library">
<arg>name=clientControl$ddTypeActor</arg>
<arg>${TipoPersona}</arg>
<doc>Selects options from selection list ``locator`` by ``labels``.</doc>
<msg timestamp="20230221 11:16:40.343" level="INFO">Selecting options from selection list 'name=clientControl$ddTypeActor' by label Natural.</msg>
<status status="PASS" starttime="20230221 11:16:40.343" endtime="20230221 11:16:40.423"/>
</kw>
<kw name="Sleep" library="BuiltIn">
<arg>1s</arg>
<doc>Pauses the test executed for the given time.</doc>
<msg timestamp="20230221 11:16:41.425" level="INFO">Slept 1 second</msg>
<status status="PASS" starttime="20230221 11:16:40.424" endtime="20230221 11:16:41.425"/>
</kw>
<status status="PASS" starttime="20230221 11:16:40.254" endtime="20230221 11:16:41.425"/>
</kw>
<kw name="Primer nombre contribuyente">
<kw name="Leer Xml" library="xmlReader">
<var>${primerNombre}</var>
<arg>${rutaContribuyente}</arg>
<arg>primerNom</arg>
<msg timestamp="20230221 11:16:41.426" level="INFO">${primerNombre} = Juan</msg>
<status status="PASS" starttime="20230221 11:16:41.425" endtime="20230221 11:16:41.426"/>
</kw>
<kw name="Input Text" library="Selenium2Library">
<arg>name=clientControl$textActorFFNameTradeName</arg>
<arg>${primerNombre}</arg>
<doc>Types the given ``text`` into the text field identified by ``locator``.</doc>
<msg timestamp="20230221 11:16:41.426" level="INFO">Typing text 'Juan' into text field 'name=clientControl$textActorFFNameTradeName'.</msg>
<status status="PASS" starttime="20230221 11:16:41.426" endtime="20230221 11:16:41.507"/>
</kw>
<status status="PASS" starttime="20230221 11:16:41.425" endtime="20230221 11:16:41.507"/>
</kw>
<kw name="Tipo de docuemnto de identidad">
<kw name="Click Element" library="Selenium2Library">
<arg>name=clientControl$ddTypeIdCard</arg>
<doc>Click the element identified by ``locator``.</doc>
<msg timestamp="20230221 11:16:41.507" level="INFO">Clicking element 'name=clientControl$ddTypeIdCard'.</msg>
<status status="PASS" starttime="20230221 11:16:41.507" endtime="20230221 11:16:41.581"/>
</kw>
<kw name="Leer Xml" library="xmlReader">
<var>${tipoDocumento}</var>
<arg>${rutaContribuyente}</arg>
<arg>documentoID</arg>
<msg timestamp="20230221 11:16:41.582" level="INFO">${tipoDocumento} = Cédula</msg>
<status status="PASS" starttime="20230221 11:16:41.581" endtime="20230221 11:16:41.582"/>
</kw>
<kw name="Select From List By Label" library="Selenium2Library">
<arg>name=clientControl$ddTypeIdCard</arg>
<arg>${tipoDocumento}</arg>
<doc>Selects options from selection list ``locator`` by ``labels``.</doc>
<msg timestamp="20230221 11:16:41.583" level="INFO">Selecting options from selection list 'name=clientControl$ddTypeIdCard' by label Cédula.</msg>
<status status="PASS" starttime="20230221 11:16:41.582" endtime="20230221 11:16:41.651"/>
</kw>
<status status="PASS" starttime="20230221 11:16:41.507" endtime="20230221 11:16:41.651"/>
</kw>
<kw name="Día de nacimiento del contribuyente">
<kw name="Click Element" library="Selenium2Library">
<arg>name=clientControl$ddlDayActorBirthday</arg>
<doc>Click the element identified by ``locator``.</doc>
<msg timestamp="20230221 11:16:41.652" level="INFO">Clicking element 'name=clientControl$ddlDayActorBirthday'.</msg>
<status status="PASS" starttime="20230221 11:16:41.651" endtime="20230221 11:16:41.729"/>
</kw>
<kw name="Leer Xml" library="xmlReader">
<var>${diaNaci}</var>
<arg>${rutaContribuyente}</arg>
<arg>diaNaci</arg>
<msg timestamp="20230221 11:16:41.730" level="INFO">${diaNaci} = 10</msg>
<status status="PASS" starttime="20230221 11:16:41.729" endtime="20230221 11:16:41.730"/>
</kw>
<kw name="Select From List By Label" library="Selenium2Library">
<arg>name=clientControl$ddlDayActorBirthday</arg>
<arg>${diaNaci}</arg>
<doc>Selects options from selection list ``locator`` by ``labels``.</doc>
<msg timestamp="20230221 11:16:41.731" level="INFO">Selecting options from selection list 'name=clientControl$ddlDayActorBirthday' by label 10.</msg>
<status status="PASS" starttime="20230221 11:16:41.730" endtime="20230221 11:16:41.816"/>
</kw>
<status status="PASS" starttime="20230221 11:16:41.651" endtime="20230221 11:16:41.816"/>
</kw>
<kw name="Mes de nacimiento del contribuyente">
<kw name="Click Element" library="Selenium2Library">
<arg>name=clientControl$ddlMonthActorBirthday</arg>
<doc>Click the element identified by ``locator``.</doc>
<msg timestamp="20230221 11:16:41.818" level="INFO">Clicking element 'name=clientControl$ddlMonthActorBirthday'.</msg>
<status status="PASS" starttime="20230221 11:16:41.817" endtime="20230221 11:16:41.894"/>
</kw>
<kw name="Leer Xml" library="xmlReader">
<var>${mesNaci}</var>
<arg>${rutaContribuyente}</arg>
<arg>mesNaci</arg>
<msg timestamp="20230221 11:16:41.895" level="INFO">${mesNaci} = octubre</msg>
<status status="PASS" starttime="20230221 11:16:41.895" endtime="20230221 11:16:41.896"/>
</kw>
<kw name="Select From List By Label" library="Selenium2Library">
<arg>name=clientControl$ddlMonthActorBirthday</arg>
<arg>${mesNaci}</arg>
<doc>Selects options from selection list ``locator`` by ``labels``.</doc>
<msg timestamp="20230221 11:16:41.896" level="INFO">Selecting options from selection list 'name=clientControl$ddlMonthActorBirthday' by label octubre.</msg>
<status status="PASS" starttime="20230221 11:16:41.896" endtime="20230221 11:16:41.959"/>
</kw>
<status status="PASS" starttime="20230221 11:16:41.816" endtime="20230221 11:16:41.959"/>
</kw>
<kw name="Año de nacimiento del contribuyente">
<kw name="Click Element" library="Selenium2Library">
<arg>name=clientControl$ddlYearActorBirthday</arg>
<doc>Click the element identified by ``locator``.</doc>
<msg timestamp="20230221 11:16:41.960" level="INFO">Clicking element 'name=clientControl$ddlYearActorBirthday'.</msg>
<status status="PASS" starttime="20230221 11:16:41.959" endtime="20230221 11:16:42.082"/>
</kw>
<kw name="Leer Xml" library="xmlReader">
<var>${añoNaci}</var>
<arg>${rutaContribuyente}</arg>
<arg>añoNaci</arg>
<msg timestamp="20230221 11:16:42.084" level="INFO">${añoNaci} = 2010</msg>
<status status="PASS" starttime="20230221 11:16:42.082" endtime="20230221 11:16:42.084"/>
</kw>
<kw name="Select From List By Label" library="Selenium2Library">
<arg>name=clientControl$ddlYearActorBirthday</arg>
<arg>${añoNaci}</arg>
<doc>Selects options from selection list ``locator`` by ``labels``.</doc>
<msg timestamp="20230221 11:16:42.085" level="INFO">Selecting options from selection list 'name=clientControl$ddlYearActorBirthday' by label 2010.</msg>
<status status="PASS" starttime="20230221 11:16:42.084" endtime="20230221 11:16:42.154"/>
</kw>
<status status="PASS" starttime="20230221 11:16:41.959" endtime="20230221 11:16:42.154"/>
</kw>
<kw name="Primer apellido del contribuyente">
<kw name="Click Element" library="Selenium2Library">
<arg>name=clientControl$textActorLFNameCommercialName</arg>
<doc>Click the element identified by ``locator``.</doc>
<msg timestamp="20230221 11:16:42.156" level="INFO">Clicking element 'name=clientControl$textActorLFNameCommercialName'.</msg>
<status status="PASS" starttime="20230221 11:16:42.155" endtime="20230221 11:16:42.240"/>
</kw>
<kw name="Leer Xml" library="xmlReader">
<var>${primerApellido}</var>
<arg>${rutaContribuyente}</arg>
<arg>primerApe</arg>
<msg timestamp="20230221 11:16:42.240" level="INFO">${primerApellido} = Fulano</msg>
<status status="PASS" starttime="20230221 11:16:42.240" endtime="20230221 11:16:42.240"/>
</kw>
<kw name="Input Text" library="Selenium2Library">
<arg>name=clientControl$textActorLFNameCommercialName</arg>
<arg>${primerApellido}</arg>
<doc>Types the given ``text`` into the text field identified by ``locator``.</doc>
<msg timestamp="20230221 11:16:42.241" level="INFO">Typing text 'Fulano' into text field 'name=clientControl$textActorLFNameCommercialName'.</msg>
<status status="PASS" starttime="20230221 11:16:42.240" endtime="20230221 11:16:42.308"/>
</kw>
<status status="PASS" starttime="20230221 11:16:42.154" endtime="20230221 11:16:42.309"/>
</kw>
<kw name="Número de identificacion del contribuyente">
<kw name="Leer Xml" library="xmlReader">
<var>${ID}</var>
<arg>${rutaContribuyente}</arg>
<arg>identificacion</arg>
<msg timestamp="20230221 11:16:42.310" level="INFO">${ID} = 90011234567890Prueb6ss76</msg>
<status status="PASS" starttime="20230221 11:16:42.309" endtime="20230221 11:16:42.310"/>
</kw>
<kw name="Click Element" library="Selenium2Library">
<arg>name=clientControl$textActorIdCard</arg>
<doc>Click the element identified by ``locator``.</doc>
<msg timestamp="20230221 11:16:42.311" level="INFO">Clicking element 'name=clientControl$textActorIdCard'.</msg>
<status status="PASS" starttime="20230221 11:16:42.311" endtime="20230221 11:16:42.384"/>
</kw>
<kw name="Input Text" library="Selenium2Library">
<arg>name=clientControl$textActorIdCard</arg>
<arg>${ID}</arg>
<doc>Types the given ``text`` into the text field identified by ``locator``.</doc>
<msg timestamp="20230221 11:16:42.385" level="INFO">Typing text '90011234567890Prueb6ss76' into text field 'name=clientControl$textActorIdCard'.</msg>
<status status="PASS" starttime="20230221 11:16:42.385" endtime="20230221 11:16:42.485"/>
</kw>
<kw name="Sleep" library="BuiltIn">
<arg>1s</arg>
<doc>Pauses the test executed for the given time.</doc>
<msg timestamp="20230221 11:16:43.486" level="INFO">Slept 1 second</msg>
<status status="PASS" starttime="20230221 11:16:42.485" endtime="20230221 11:16:43.486"/>
</kw>
<status status="PASS" starttime="20230221 11:16:42.309" endtime="20230221 11:16:43.486"/>
</kw>
<kw name="Género del contribuyente">
<kw name="Leer Xml" library="xmlReader">
<var>${genero}</var>
<arg>${rutaContribuyente}</arg>
<arg>genero</arg>
<msg timestamp="20230221 11:16:43.487" level="INFO">${genero} = Masculino</msg>
<status status="PASS" starttime="20230221 11:16:43.486" endtime="20230221 11:16:43.487"/>
</kw>
<kw name="Click Element" library="Selenium2Library">
<arg>name=clientControl$ddGenderName</arg>
<doc>Click the element identified by ``locator``.</doc>
<msg timestamp="20230221 11:16:43.488" level="INFO">Clicking element 'name=clientControl$ddGenderName'.</msg>
<status status="PASS" starttime="20230221 11:16:43.487" endtime="20230221 11:16:43.568"/>
</kw>
<kw name="Select From List By Label" library="Selenium2Library">
<arg>name=clientControl$ddGenderName</arg>
<arg>${genero}</arg>
<doc>Selects options from selection list ``locator`` by ``labels``.</doc>
<msg timestamp="20230221 11:16:43.569" level="INFO">Selecting options from selection list 'name=clientControl$ddGenderName' by label Masculino.</msg>
<status status="PASS" starttime="20230221 11:16:43.568" endtime="20230221 11:16:43.632"/>
</kw>
<kw name="Wait Until Element Contains" library="Selenium2Library">
<arg>name=clientControl$ddGenderName</arg>
<arg>${genero}</arg>
<doc>Waits until the element ``locator`` contains ``text``.</doc>
<status status="PASS" starttime="20230221 11:16:43.632" endtime="20230221 11:16:43.649"/>
</kw>
<status status="PASS" starttime="20230221 11:16:43.486" endtime="20230221 11:16:43.649"/>
</kw>
<kw name="Sleep" library="BuiltIn">
<arg>1s</arg>
<doc>Pauses the test executed for the given time.</doc>
<msg timestamp="20230221 11:16:44.649" level="INFO">Slept 1 second</msg>
<status status="PASS" starttime="20230221 11:16:43.649" endtime="20230221 11:16:44.649"/>
</kw>
<status status="PASS" starttime="20230221 11:16:40.254" endtime="20230221 11:16:44.649"/>
</kw>
<kw name="AND Registro de información requerida en la sección dirección">
<kw name="Tipo de dirección del contribuyente">
<kw name="Leer Xml" library="xmlReader">
<var>${tipoDireccion}</var>
<arg>${rutaDireccion}</arg>
<arg>tipoDireccion</arg>
<msg timestamp="20230221 11:16:44.652" level="INFO">${tipoDireccion} = Censo</msg>
<status status="PASS" starttime="20230221 11:16:44.650" endtime="20230221 11:16:44.652"/>
</kw>
<kw name="Click Element" library="Selenium2Library">
<arg>name=clientControl$ddlTypeAddress</arg>
<doc>Click the element identified by ``locator``.</doc>
<msg timestamp="20230221 11:16:44.652" level="INFO">Clicking element 'name=clientControl$ddlTypeAddress'.</msg>
<status status="PASS" starttime="20230221 11:16:44.652" endtime="20230221 11:16:44.734"/>
</kw>
<kw name="Select From List By Label" library="Selenium2Library">
<arg>name=clientControl$ddlTypeAddress</arg>
<arg>${tipoDireccion}</arg>
<doc>Selects options from selection list ``locator`` by ``labels``.</doc>
<msg timestamp="20230221 11:16:44.735" level="INFO">Selecting options from selection list 'name=clientControl$ddlTypeAddress' by label Censo.</msg>
<status status="PASS" starttime="20230221 11:16:44.734" endtime="20230221 11:16:44.801"/>
</kw>
<status status="PASS" starttime="20230221 11:16:44.649" endtime="20230221 11:16:44.801"/>
</kw>
<kw name="Edificio / casa del contribuyente">
<kw name="Leer Xml" library="xmlReader">
<var>${edificio}</var>
<arg>${rutaDireccion}</arg>
<arg>edificioCasa</arg>
<msg timestamp="20230221 11:16:44.802" level="INFO">${edificio} = Calle 1</msg>
<status status="PASS" starttime="20230221 11:16:44.802" endtime="20230221 11:16:44.802"/>
</kw>
<kw name="Click Element" library="Selenium2Library">
<arg>name=clientControl$textAddressRealEstate</arg>
<doc>Click the element identified by ``locator``.</doc>
<msg timestamp="20230221 11:16:44.803" level="INFO">Clicking element 'name=clientControl$textAddressRealEstate'.</msg>
<status status="PASS" starttime="20230221 11:16:44.802" endtime="20230221 11:16:44.878"/>
</kw>
<kw name="Input Text" library="Selenium2Library">
<arg>name=clientControl$textAddressRealEstate</arg>
<arg>${edificio}</arg>
<doc>Types the given ``text`` into the text field identified by ``locator``.</doc>
<msg timestamp="20230221 11:16:44.878" level="INFO">Typing text 'Calle 1' into text field 'name=clientControl$textAddressRealEstate'.</msg>
<status status="PASS" starttime="20230221 11:16:44.878" endtime="20230221 11:16:44.933"/>
</kw>
<status status="PASS" starttime="20230221 11:16:44.801" endtime="20230221 11:16:44.933"/>
</kw>
<kw name="Distrito de la dirección">
<kw name="Leer Xml" library="xmlReader">
<var>${distrito}</var>
<arg>${rutaDireccion}</arg>
<arg>distrito</arg>
<msg timestamp="20230221 11:16:44.934" level="INFO">${distrito} = DISTRITO 1</msg>
<status status="PASS" starttime="20230221 11:16:44.934" endtime="20230221 11:16:44.934"/>
</kw>
<kw name="Click Element" library="Selenium2Library">
<arg>name=clientControl$dlHousingDevName</arg>
<doc>Click the element identified by ``locator``.</doc>
<msg timestamp="20230221 11:16:44.935" level="INFO">Clicking element 'name=clientControl$dlHousingDevName'.</msg>
<status status="PASS" starttime="20230221 11:16:44.934" endtime="20230221 11:16:45.015"/>
</kw>
<kw name="Select From List By Label" library="Selenium2Library">
<arg>name=clientControl$dlHousingDevName</arg>
<arg>${distrito}</arg>
<doc>Selects options from selection list ``locator`` by ``labels``.</doc>
<msg timestamp="20230221 11:16:45.016" level="INFO">Selecting options from selection list 'name=clientControl$dlHousingDevName' by label DISTRITO 1.</msg>
<status status="PASS" starttime="20230221 11:16:45.016" endtime="20230221 11:16:45.080"/>
</kw>
<kw name="Sleep" library="BuiltIn">
<arg>1s</arg>
<doc>Pauses the test executed for the given time.</doc>
<msg timestamp="20230221 11:16:46.081" level="INFO">Slept 1 second</msg>
<status status="PASS" starttime="20230221 11:16:45.080" endtime="20230221 11:16:46.081"/>
</kw>
<status status="PASS" starttime="20230221 11:16:44.933" endtime="20230221 11:16:46.081"/>
</kw>
<kw name="Barrio de la dirección">
<kw name="Sleep" library="BuiltIn">
<arg>1s</arg>
<doc>Pauses the test executed for the given time.</doc>
<msg timestamp="20230221 11:16:47.082" level="INFO">Slept 1 second</msg>
<status status="PASS" starttime="20230221 11:16:46.081" endtime="20230221 11:16:47.082"/>
</kw>
<kw name="Leer Xml" library="xmlReader">
<var>${barrio}</var>
<arg>${rutaDireccion}</arg>
<arg>barrio</arg>
<msg timestamp="20230221 11:16:47.082" level="INFO">${barrio} = AMARETTO</msg>
<status status="PASS" starttime="20230221 11:16:47.082" endtime="20230221 11:16:47.082"/>
</kw>
<kw name="Click Element" library="Selenium2Library">
<arg>name=clientControl$dlZipCodeName</arg>
<doc>Click the element identified by ``locator``.</doc>
<msg timestamp="20230221 11:16:47.083" level="INFO">Clicking element 'name=clientControl$dlZipCodeName'.</msg>
<status status="PASS" starttime="20230221 11:16:47.082" endtime="20230221 11:16:47.162"/>
</kw>
<kw name="Select From List By Label" library="Selenium2Library">
<arg>name=clientControl$dlZipCodeName</arg>
<arg>${barrio}</arg>
<doc>Selects options from selection list ``locator`` by ``labels``.</doc>
<msg timestamp="20230221 11:16:47.163" level="INFO">Selecting options from selection list 'name=clientControl$dlZipCodeName' by label AMARETTO.</msg>
<status status="PASS" starttime="20230221 11:16:47.162" endtime="20230221 11:16:47.243"/>
</kw>
<status status="PASS" starttime="20230221 11:16:46.081" endtime="20230221 11:16:47.243"/>
</kw>
<status status="PASS" starttime="20230221 11:16:44.649" endtime="20230221 11:16:47.243"/>
</kw>
<kw name="AND Registro de información opcional en la sección dirección">
<kw name="Calle a la derecha del inmueble">
<kw name="Leer Xml" library="xmlReader">
<var>${calleDerecha}</var>
<arg>${rutaDireccion}</arg>
<arg>calleDerecha</arg>
<msg timestamp="20230221 11:16:47.245" level="INFO">${calleDerecha} = Derecha</msg>
<status status="PASS" starttime="20230221 11:16:47.244" endtime="20230221 11:16:47.245"/>
</kw>
<kw name="Click Element" library="Selenium2Library">
<arg>name=clientControl$textAddressRightStreet</arg>
<doc>Click the element identified by ``locator``.</doc>
<msg timestamp="20230221 11:16:47.246" level="INFO">Clicking element 'name=clientControl$textAddressRightStreet'.</msg>
<status status="PASS" starttime="20230221 11:16:47.245" endtime="20230221 11:16:47.339"/>
</kw>
<kw name="Input Text" library="Selenium2Library">
<arg>name=clientControl$textAddressRightStreet</arg>
<arg>${calleDerecha}</arg>
<doc>Types the given ``text`` into the text field identified by ``locator``.</doc>
<msg timestamp="20230221 11:16:47.339" level="INFO">Typing text 'Derecha' into text field 'name=clientControl$textAddressRightStreet'.</msg>
<status status="PASS" starttime="20230221 11:16:47.339" endtime="20230221 11:16:47.399"/>
</kw>
<status status="PASS" starttime="20230221 11:16:47.244" endtime="20230221 11:16:47.399"/>
</kw>
<kw name="Calle a la izquierda del inmueble">
<kw name="Leer Xml" library="xmlReader">
<var>${calleIzquierda}</var>
<arg>${rutaDireccion}</arg>
<arg>calleIzquierda</arg>
<msg timestamp="20230221 11:16:47.400" level="INFO">${calleIzquierda} = Izquierda</msg>
<status status="PASS" starttime="20230221 11:16:47.399" endtime="20230221 11:16:47.400"/>
</kw>
<kw name="Click Element" library="Selenium2Library">
<arg>name=clientControl$textRealLeftStreet</arg>
<doc>Click the element identified by ``locator``.</doc>
<msg timestamp="20230221 11:16:47.400" level="INFO">Clicking element 'name=clientControl$textRealLeftStreet'.</msg>
<status status="PASS" starttime="20230221 11:16:47.400" endtime="20230221 11:16:47.466"/>
</kw>
<kw name="Input Text" library="Selenium2Library">
<arg>name=clientControl$textRealLeftStreet</arg>
<arg>${calleIzquierda}</arg>
<doc>Types the given ``text`` into the text field identified by ``locator``.</doc>
<msg timestamp="20230221 11:16:47.466" level="INFO">Typing text 'Izquierda' into text field 'name=clientControl$textRealLeftStreet'.</msg>
<status status="PASS" starttime="20230221 11:16:47.466" endtime="20230221 11:16:47.534"/>
</kw>
<status status="PASS" starttime="20230221 11:16:47.399" endtime="20230221 11:16:47.534"/>
</kw>
<kw name="Apartamento de la dirección">
<kw name="Leer Xml" library="xmlReader">
<var>${apartamento}</var>
<arg>${rutaDireccion}</arg>
<arg>apartamento</arg>
<msg timestamp="20230221 11:16:47.535" level="INFO">${apartamento} = Calle 2</msg>
<status status="PASS" starttime="20230221 11:16:47.534" endtime="20230221 11:16:47.535"/>
</kw>
<kw name="Click Element" library="Selenium2Library">
<arg>name=clientControl$textAddressApartment</arg>
<doc>Click the element identified by ``locator``.</doc>
<msg timestamp="20230221 11:16:47.535" level="INFO">Clicking element 'name=clientControl$textAddressApartment'.</msg>
<status status="PASS" starttime="20230221 11:16:47.535" endtime="20230221 11:16:47.603"/>
</kw>
<kw name="Input Text" library="Selenium2Library">
<arg>name=clientControl$textAddressApartment</arg>
<arg>${apartamento}</arg>
<doc>Types the given ``text`` into the text field identified by ``locator``.</doc>
<msg timestamp="20230221 11:16:47.603" level="INFO">Typing text 'Calle 2' into text field 'name=clientControl$textAddressApartment'.</msg>
<status status="PASS" starttime="20230221 11:16:47.603" endtime="20230221 11:16:47.668"/>
</kw>
<status status="PASS" starttime="20230221 11:16:47.534" endtime="20230221 11:16:47.668"/>
</kw>
<kw name="Piso de la dirección">
<kw name="Leer Xml" library="xmlReader">
<var>${piso}</var>
<arg>${rutaDireccion}</arg>
<arg>piso</arg>
<msg timestamp="20230221 11:16:47.669" level="INFO">${piso} = Calle 3</msg>
<status status="PASS" starttime="20230221 11:16:47.669" endtime="20230221 11:16:47.669"/>
</kw>
<kw name="Click Element" library="Selenium2Library">
<arg>name=clientControl$textAddressFloor</arg>
<doc>Click the element identified by ``locator``.</doc>
<msg timestamp="20230221 11:16:47.670" level="INFO">Clicking element 'name=clientControl$textAddressFloor'.</msg>
<status status="PASS" starttime="20230221 11:16:47.669" endtime="20230221 11:16:47.740"/>
</kw>
<kw name="Input Text" library="Selenium2Library">
<arg>name=clientControl$textAddressFloor</arg>
<arg>${piso}</arg>
<doc>Types the given ``text`` into the text field identified by ``locator``.</doc>
<msg timestamp="20230221 11:16:47.741" level="INFO">Typing text 'Calle 3' into text field 'name=clientControl$textAddressFloor'.</msg>
<status status="PASS" starttime="20230221 11:16:47.740" endtime="20230221 11:16:47.813"/>
</kw>
<status status="PASS" starttime="20230221 11:16:47.668" endtime="20230221 11:16:47.813"/>
</kw>
<kw name="Comentario de la dirección">
<kw name="Leer Xml" library="xmlReader">
<var>${direccion}</var>
<arg>${rutaDireccion}</arg>
<arg>direccion</arg>
<msg timestamp="20230221 11:16:47.814" level="INFO">${direccion} = Del barrio indicado, 1 cuadra de la esquita, 2 a la otra esquina</msg>
<status status="PASS" starttime="20230221 11:16:47.814" endtime="20230221 11:16:47.814"/>
</kw>
<kw name="Click Element" library="Selenium2Library">
<arg>name=clientControl$textRealEstateStreet</arg>
<doc>Click the element identified by ``locator``.</doc>
<msg timestamp="20230221 11:16:47.815" level="INFO">Clicking element 'name=clientControl$textRealEstateStreet'.</msg>
<status status="PASS" starttime="20230221 11:16:47.815" endtime="20230221 11:16:47.884"/>
</kw>
<kw name="Input Text" library="Selenium2Library">
<arg>name=clientControl$textRealEstateStreet</arg>
<arg>${direccion}</arg>
<doc>Types the given ``text`` into the text field identified by ``locator``.</doc>
<msg timestamp="20230221 11:16:47.884" level="INFO">Typing text 'Del barrio indicado, 1 cuadra de la esquita, 2 a la otra esquina' into text field 'name=clientControl$textRealEstateStreet'.</msg>
<status status="PASS" starttime="20230221 11:16:47.884" endtime="20230221 11:16:48.007"/>
</kw>
<kw name="Sleep" library="BuiltIn">
<arg>1s</arg>
<doc>Pauses the test executed for the given time.</doc>
<msg timestamp="20230221 11:16:49.008" level="INFO">Slept 1 second</msg>
<status status="PASS" starttime="20230221 11:16:48.007" endtime="20230221 11:16:49.008"/>
</kw>
<status status="PASS" starttime="20230221 11:16:47.813" endtime="20230221 11:16:49.008"/>
</kw>
<kw name="Sleep" library="BuiltIn">
<arg>1s</arg>
<doc>Pauses the test executed for the given time.</doc>
<msg timestamp="20230221 11:16:50.009" level="INFO">Slept 1 second</msg>
<status status="PASS" starttime="20230221 11:16:49.008" endtime="20230221 11:16:50.009"/>
</kw>
<status status="PASS" starttime="20230221 11:16:47.243" endtime="20230221 11:16:50.009"/>
</kw>
<kw name="AND Agregar la direccion en la sección dirección">
<kw name="Click Element" library="Selenium2Library">
<arg>name=clientControl$btnAddAddress</arg>
<doc>Click the element identified by ``locator``.</doc>
<msg timestamp="20230221 11:16:50.009" level="INFO">Clicking element 'name=clientControl$btnAddAddress'.</msg>
<status status="PASS" starttime="20230221 11:16:50.009" endtime="20230221 11:16:50.074"/>
</kw>
<kw name="Sleep" library="BuiltIn">
<arg>2s</arg>
<doc>Pauses the test executed for the given time.</doc>
<msg timestamp="20230221 11:16:52.076" level="INFO">Slept 2 seconds</msg>
<status status="PASS" starttime="20230221 11:16:50.074" endtime="20230221 11:16:52.076"/>
</kw>
<status status="PASS" starttime="20230221 11:16:50.009" endtime="20230221 11:16:52.076"/>
</kw>
<status status="PASS" starttime="20230221 11:16:17.560" endtime="20230221 11:16:52.076"/>
</kw>
<kw name="And Crear y aceptar el trámite">
<kw name="AND Creacion del trámite">
<kw name="Wait Until Element Is Visible" library="Selenium2Library">
<arg>name=ibtnCreateProceeding</arg>
<doc>Waits until the element ``locator`` is visible.</doc>
<status status="PASS" starttime="20230221 11:16:52.076" endtime="20230221 11:16:52.095"/>
</kw>
<kw name="Click Element" library="Selenium2Library">
<arg>name=ibtnCreateProceeding</arg>
<doc>Click the element identified by ``locator``.</doc>
<msg timestamp="20230221 11:16:52.096" level="INFO">Clicking element 'name=ibtnCreateProceeding'.</msg>
<status status="PASS" starttime="20230221 11:16:52.095" endtime="20230221 11:16:52.162"/>
</kw>
<kw name="Sleep" library="BuiltIn">
<arg>1s</arg>
<doc>Pauses the test executed for the given time.</doc>
<msg timestamp="20230221 11:16:53.163" level="INFO">Slept 1 second</msg>
<status status="PASS" starttime="20230221 11:16:52.163" endtime="20230221 11:16:53.163"/>
</kw>
<status status="PASS" starttime="20230221 11:16:52.076" endtime="20230221 11:16:53.163"/>
</kw>
<kw name="AND Aceptar creación del trámite">
<kw name="Handle Alert" library="Selenium2Library">
<arg>ACCEPT</arg>
<arg>timeout=3s</arg>
<doc>Handles the current alert and returns its message.</doc>
<msg timestamp="20230221 11:16:53.163" level="INFO">HANDLE::&lt;class 'datetime.timedelta'&gt;::0:00:03</msg>
<status status="PASS" starttime="20230221 11:16:53.163" endtime="20230221 11:16:53.167"/>
</kw>
<kw name="Sleep" library="BuiltIn">
<arg>1s</arg>
<doc>Pauses the test executed for the given time.</doc>
<msg timestamp="20230221 11:16:54.167" level="INFO">Slept 1 second</msg>
<status status="PASS" starttime="20230221 11:16:53.167" endtime="20230221 11:16:54.167"/>
</kw>
<status status="PASS" starttime="20230221 11:16:53.163" endtime="20230221 11:16:54.167"/>
</kw>
<status status="PASS" starttime="20230221 11:16:52.076" endtime="20230221 11:16:54.167"/>
</kw>
<kw name="And Aprobar el trámite">
<kw name="Sleep" library="BuiltIn">
<arg>2s</arg>
<doc>Pauses the test executed for the given time.</doc>
<msg timestamp="20230221 11:16:56.168" level="INFO">Slept 2 seconds</msg>
<status status="PASS" starttime="20230221 11:16:54.167" endtime="20230221 11:16:56.168"/>
</kw>
<kw name="Wait Until Element Is Visible" library="Selenium2Library">
<arg>id=rbStatus_0</arg>
<doc>Waits until the element ``locator`` is visible.</doc>
<msg timestamp="20230221 11:17:01.513" level="INFO" html="true">&lt;/td&gt;&lt;/tr&gt;&lt;tr&gt;&lt;td colspan="3"&gt;&lt;a href="selenium-screenshot-1.png"&gt;&lt;img src="selenium-screenshot-1.png" width="800px"&gt;&lt;/a&gt;</msg>
<msg timestamp="20230221 11:17:01.513" level="FAIL">Element 'id=rbStatus_0' not visible after 5 seconds.</msg>
<status status="FAIL" starttime="20230221 11:16:56.168" endtime="20230221 11:17:01.556"/>
</kw>
<kw name="Click Element" library="Selenium2Library">
<arg>id=rbStatus_0</arg>
<doc>Click the element identified by ``locator``.</doc>
<status status="NOT RUN" starttime="20230221 11:17:01.557" endtime="20230221 11:17:01.557"/>
</kw>
<kw name="Sleep" library="BuiltIn">
<arg>1s</arg>
<doc>Pauses the test executed for the given time.</doc>
<status status="NOT RUN" starttime="20230221 11:17:01.557" endtime="20230221 11:17:01.557"/>
</kw>
<kw name="Click Element" library="Selenium2Library">
<arg>name=ibtnSave</arg>
<doc>Click the element identified by ``locator``.</doc>
<status status="NOT RUN" starttime="20230221 11:17:01.557" endtime="20230221 11:17:01.557"/>
</kw>
<kw name="Sleep" library="BuiltIn">
<arg>3s</arg>
<doc>Pauses the test executed for the given time.</doc>
<status status="NOT RUN" starttime="20230221 11:17:01.557" endtime="20230221 11:17:01.557"/>
</kw>
<status status="FAIL" starttime="20230221 11:16:54.167" endtime="20230221 11:17:01.557"/>
</kw>
<kw name="Then Verificar trámite">
<status status="NOT RUN" starttime="20230221 11:17:01.557" endtime="20230221 11:17:01.557"/>
</kw>
<kw name="Detener Grabacion">
<status status="NOT RUN" starttime="20230221 11:17:01.557" endtime="20230221 11:17:01.557"/>
</kw>
<kw name="Close All Browsers" library="Selenium2Library">
<doc>Closes all open browsers and resets the browser cache.</doc>
<status status="NOT RUN" starttime="20230221 11:17:01.558" endtime="20230221 11:17:01.558"/>
</kw>
<doc>Creación de sujeto pasivo natural</doc>
<tag>Sujeto pasivo, trámite</tag>
<status status="FAIL" starttime="20230221 11:16:01.109" endtime="20230221 11:17:01.558">Element 'id=rbStatus_0' not visible after 5 seconds.</status>
</test>
<status status="FAIL" starttime="20230221 11:15:56.063" endtime="20230221 11:17:01.559"/>
</suite>
<statistics>
<total>
<stat pass="0" fail="1" skip="0">All Tests</stat>
</total>
<tag>
<stat pass="0" fail="1" skip="0">Sujeto pasivo, trámite</stat>
</tag>
<suite>
<stat pass="0" fail="1" skip="0" id="s1" name="Testcase">Testcase</stat>
</suite>
</statistics>
<errors>
</errors>
</robot>
