<?xml version="1.0" encoding="UTF-8"?>
<robot generator="Robot 6.0.1 (Python 3.11.1 on win32)" generated="20230123 15:27:02.144" rpa="false" schemaversion="3">
<suite id="s1" name="Testcase" source="c:\Users\Usuario\Documents\python testing\ACC-Robot-Framework-Testing\Test\testcase.robot">
<test id="s1-t1" name="Creacion de sujeto pasivo" line="457">
<kw name="Given Abrir Navegador">
<kw name="Open Browser" library="Selenium2Library">
<arg>https://almacc.tustributos.com</arg>
<arg>chrome</arg>
<doc>Opens a new browser instance to the optional ``url``.</doc>
<msg timestamp="20230123 15:27:03.043" level="INFO">Opening browser 'chrome' to base url 'https://almacc.tustributos.com'.</msg>
<status status="PASS" starttime="20230123 15:27:03.041" endtime="20230123 15:27:07.499"/>
</kw>
<kw name="Maximize Browser Window" library="Selenium2Library">
<doc>Maximizes current browser window.</doc>
<status status="PASS" starttime="20230123 15:27:07.499" endtime="20230123 15:27:07.625"/>
</kw>
<status status="PASS" starttime="20230123 15:27:03.040" endtime="20230123 15:27:07.625"/>
</kw>
<kw name="Iniciar Grabacion">
<kw name="Start Video Recording" library="ScreenCapLibrary">
<arg>alias=None</arg>
<arg>name=prueba y</arg>
<arg>fps=none</arg>
<arg>size_percentage=1</arg>
<arg>embed=True</arg>
<arg>embed_width=100px</arg>
<arg>monitor=1</arg>
<doc>Starts the recording of a video in the background with the specified ``name``.
The recording can be stopped by calling the `Stop Video Recording` keyword.</doc>
<msg timestamp="20230123 15:27:09.866" level="INFO">Automatically setting a fps of 7.5</msg>
<status status="PASS" starttime="20230123 15:27:07.626" endtime="20230123 15:27:09.869"/>
</kw>
<status status="PASS" starttime="20230123 15:27:07.626" endtime="20230123 15:27:09.869"/>
</kw>
<kw name="When Iniciar sesion">
<kw name="Log my username">
<kw name="Leer username">
<var>${txtUser}</var>
<kw name="Leer Xml" library="xmlReader">
<var>${txtUser}</var>
<arg>${rutaInicioSesion}</arg>
<arg>username</arg>
<msg timestamp="20230123 15:27:09.878" level="INFO">${txtUser} = gamayatx</msg>
<status status="PASS" starttime="20230123 15:27:09.876" endtime="20230123 15:27:09.879"/>
</kw>
<msg timestamp="20230123 15:27:09.880" level="INFO">${txtUser} = gamayatx</msg>
<status status="PASS" starttime="20230123 15:27:09.875" endtime="20230123 15:27:09.880"/>
</kw>
<kw name="Input Text" library="Selenium2Library">
<arg>name=txtUserName</arg>
<arg>${txtUser}</arg>
<doc>Types the given ``text`` into the text field identified by ``locator``.</doc>
<msg timestamp="20230123 15:27:09.882" level="INFO">Typing text 'gamayatx' into text field 'name=txtUserName'.</msg>
<status status="PASS" starttime="20230123 15:27:09.880" endtime="20230123 15:27:10.253"/>
</kw>
<kw name="Sleep" library="BuiltIn">
<arg>1s</arg>
<doc>Pauses the test executed for the given time.</doc>
<msg timestamp="20230123 15:27:11.255" level="INFO">Slept 1 second</msg>
<status status="PASS" starttime="20230123 15:27:10.253" endtime="20230123 15:27:11.255"/>
</kw>
<status status="PASS" starttime="20230123 15:27:09.874" endtime="20230123 15:27:11.256"/>
</kw>
<kw name="Log my password">
<kw name="Leer password">
<var>${txtPass}</var>
<kw name="Leer Xml" library="xmlReader">
<var>${txtPass}</var>
<arg>${rutaInicioSesion}</arg>
<arg>password</arg>
<msg timestamp="20230123 15:27:11.259" level="INFO">${txtPass} = Agas1234</msg>
<status status="PASS" starttime="20230123 15:27:11.258" endtime="20230123 15:27:11.260"/>
</kw>
<msg timestamp="20230123 15:27:11.260" level="INFO">${txtPass} = Agas1234</msg>
<status status="PASS" starttime="20230123 15:27:11.257" endtime="20230123 15:27:11.261"/>
</kw>
<kw name="Input Text" library="Selenium2Library">
<arg>name=txtUserPassword</arg>
<arg>${txtPass}</arg>
<doc>Types the given ``text`` into the text field identified by ``locator``.</doc>
<msg timestamp="20230123 15:27:11.262" level="INFO">Typing text 'Agas1234' into text field 'name=txtUserPassword'.</msg>
<status status="PASS" starttime="20230123 15:27:11.261" endtime="20230123 15:27:11.426"/>
</kw>
<kw name="Sleep" library="BuiltIn">
<arg>1s</arg>
<doc>Pauses the test executed for the given time.</doc>
<msg timestamp="20230123 15:27:12.430" level="INFO">Slept 1 second</msg>
<status status="PASS" starttime="20230123 15:27:11.426" endtime="20230123 15:27:12.431"/>
</kw>
<status status="PASS" starttime="20230123 15:27:11.256" endtime="20230123 15:27:12.432"/>
</kw>
<kw name="Login">
<kw name="Click Button" library="Selenium2Library">
<arg>name=linLogin</arg>
<doc>Clicks the button identified by ``locator``.</doc>
<msg timestamp="20230123 15:27:12.437" level="INFO">Clicking button 'name=linLogin'.</msg>
<status status="PASS" starttime="20230123 15:27:12.433" endtime="20230123 15:27:13.762"/>
</kw>
<kw name="Sleep" library="BuiltIn">
<arg>1s</arg>
<doc>Pauses the test executed for the given time.</doc>
<msg timestamp="20230123 15:27:14.763" level="INFO">Slept 1 second</msg>
<status status="PASS" starttime="20230123 15:27:13.763" endtime="20230123 15:27:14.763"/>
</kw>
<status status="PASS" starttime="20230123 15:27:12.432" endtime="20230123 15:27:14.763"/>
</kw>
<kw name="Login Succesful">
<kw name="Page Should Contain" library="Selenium2Library">
<arg>Identificador:</arg>
<doc>Verifies that current page contains ``text``.</doc>
<msg timestamp="20230123 15:27:14.917" level="INFO">Current page contains text 'Identificador:'.</msg>
<status status="PASS" starttime="20230123 15:27:14.764" endtime="20230123 15:27:14.918"/>
</kw>
<kw name="Sleep" library="BuiltIn">
<arg>1s</arg>
<doc>Pauses the test executed for the given time.</doc>
<msg timestamp="20230123 15:27:15.919" level="INFO">Slept 1 second</msg>
<status status="PASS" starttime="20230123 15:27:14.918" endtime="20230123 15:27:15.919"/>
</kw>
<status status="PASS" starttime="20230123 15:27:14.764" endtime="20230123 15:27:15.919"/>
</kw>
<status status="PASS" starttime="20230123 15:27:09.870" endtime="20230123 15:27:15.920"/>
</kw>
<kw name="And Registrar datos del trámite de sujeto pasivo">
<kw name="AND Ir a trámites predeterminados">
<kw name="Get Title" library="Selenium2Library">
<var>${tempb}</var>
<doc>Returns the title of the current page.</doc>
<msg timestamp="20230123 15:27:15.929" level="INFO">${tempb} = ARI - Managua</msg>
<status status="PASS" starttime="20230123 15:27:15.922" endtime="20230123 15:27:15.930"/>
</kw>
<kw name="Log To Console" library="BuiltIn">
<arg>New windows is: \ ${tempb}</arg>
<doc>Logs the given message to the console.</doc>
<status status="PASS" starttime="20230123 15:27:15.930" endtime="20230123 15:27:15.931"/>
</kw>
<kw name="Select Frame" library="Selenium2Library">
<arg>name=fastway</arg>
<doc>Sets frame identified by ``locator`` as the current frame.</doc>
<msg timestamp="20230123 15:27:15.932" level="INFO">Selecting frame 'name=fastway'.</msg>
<status status="PASS" starttime="20230123 15:27:15.931" endtime="20230123 15:27:15.975"/>
</kw>
<kw name="Wait Until Element Is Visible" library="Selenium2Library">
<arg>name=textSearchId</arg>
<doc>Waits until the element ``locator`` is visible.</doc>
<status status="PASS" starttime="20230123 15:27:15.975" endtime="20230123 15:27:16.048"/>
</kw>
<kw name="Click Element" library="Selenium2Library">
<arg>name=buttonProceeding</arg>
<doc>Click the element identified by ``locator``.</doc>
<msg timestamp="20230123 15:27:16.049" level="INFO">Clicking element 'name=buttonProceeding'.</msg>
<status status="PASS" starttime="20230123 15:27:16.048" endtime="20230123 15:27:16.371"/>
</kw>
<kw name="Sleep" library="BuiltIn">
<arg>1s</arg>
<doc>Pauses the test executed for the given time.</doc>
<msg timestamp="20230123 15:27:17.372" level="INFO">Slept 1 second</msg>
<status status="PASS" starttime="20230123 15:27:16.371" endtime="20230123 15:27:17.372"/>
</kw>
<status status="PASS" starttime="20230123 15:27:15.922" endtime="20230123 15:27:17.373"/>
</kw>
<kw name="Sleep" library="BuiltIn">
<arg>1s</arg>
<doc>Pauses the test executed for the given time.</doc>
<msg timestamp="20230123 15:27:18.375" level="INFO">Slept 1 second</msg>
<status status="PASS" starttime="20230123 15:27:17.373" endtime="20230123 15:27:18.375"/>
</kw>
<kw name="AND Ingresar al trámite de sujeto pasivo">
<kw name="Get Title" library="Selenium2Library">
<var>${tempb}</var>
<doc>Returns the title of the current page.</doc>
<msg timestamp="20230123 15:27:18.382" level="INFO">${tempb} = ARI - Managua</msg>
<status status="PASS" starttime="20230123 15:27:18.376" endtime="20230123 15:27:18.382"/>
</kw>
<kw name="Unselect Frame" library="Selenium2Library">
<doc>Sets the main frame as the current frame.</doc>
<status status="PASS" starttime="20230123 15:27:18.382" endtime="20230123 15:27:18.387"/>
</kw>
<kw name="Log To Console" library="BuiltIn">
<arg>New windows is: \ ${tempb}</arg>
<doc>Logs the given message to the console.</doc>
<status status="PASS" starttime="20230123 15:27:18.387" endtime="20230123 15:27:18.387"/>
</kw>
<kw name="Select Frame" library="Selenium2Library">
<arg>name=rise_content</arg>
<doc>Sets frame identified by ``locator`` as the current frame.</doc>
<msg timestamp="20230123 15:27:18.388" level="INFO">Selecting frame 'name=rise_content'.</msg>
<status status="PASS" starttime="20230123 15:27:18.388" endtime="20230123 15:27:18.421"/>
</kw>
<kw name="Wait Until Element Is Visible" library="Selenium2Library">
<arg>id=dgTypeProceeding_dvClick_85</arg>
<doc>Waits until the element ``locator`` is visible.</doc>
<status status="PASS" starttime="20230123 15:27:18.421" endtime="20230123 15:27:18.451"/>
</kw>
<kw name="Click Element" library="Selenium2Library">
<arg>id=dgTypeProceeding_dvClick_85</arg>
<doc>Click the element identified by ``locator``.</doc>
<msg timestamp="20230123 15:27:18.451" level="INFO">Clicking element 'id=dgTypeProceeding_dvClick_85'.</msg>
<status status="PASS" starttime="20230123 15:27:18.451" endtime="20230123 15:27:20.323"/>
</kw>
<kw name="Sleep" library="BuiltIn">
<arg>1s</arg>
<doc>Pauses the test executed for the given time.</doc>
<msg timestamp="20230123 15:27:21.324" level="INFO">Slept 1 second</msg>
<status status="PASS" starttime="20230123 15:27:20.323" endtime="20230123 15:27:21.324"/>
</kw>
<status status="PASS" starttime="20230123 15:27:18.375" endtime="20230123 15:27:21.324"/>
</kw>
<kw name="Sleep" library="BuiltIn">
<arg>1s</arg>
<doc>Pauses the test executed for the given time.</doc>
<msg timestamp="20230123 15:27:22.325" level="INFO">Slept 1 second</msg>
<status status="PASS" starttime="20230123 15:27:21.325" endtime="20230123 15:27:22.325"/>
</kw>
<kw name="AND Validación de creación de Trámite con campos requeridos vacíos">
<kw name="Unselect Frame" library="Selenium2Library">
<doc>Sets the main frame as the current frame.</doc>
<status status="PASS" starttime="20230123 15:27:22.326" endtime="20230123 15:27:22.330"/>
</kw>
<kw name="Select Frame" library="Selenium2Library">
<arg>name=rise_content</arg>
<doc>Sets frame identified by ``locator`` as the current frame.</doc>
<msg timestamp="20230123 15:27:22.332" level="INFO">Selecting frame 'name=rise_content'.</msg>
<status status="PASS" starttime="20230123 15:27:22.331" endtime="20230123 15:27:22.356"/>
</kw>
<kw name="Sleep" library="BuiltIn">
<arg>1s</arg>
<doc>Pauses the test executed for the given time.</doc>
<msg timestamp="20230123 15:27:23.356" level="INFO">Slept 1 second</msg>
<status status="PASS" starttime="20230123 15:27:22.356" endtime="20230123 15:27:23.356"/>
</kw>
<kw name="Click Element" library="Selenium2Library">
<arg>name=ibtnCreateProceeding</arg>
<doc>Click the element identified by ``locator``.</doc>
<msg timestamp="20230123 15:27:23.358" level="INFO">Clicking element 'name=ibtnCreateProceeding'.</msg>
<status status="PASS" starttime="20230123 15:27:23.357" endtime="20230123 15:27:23.510"/>
</kw>
<kw name="Sleep" library="BuiltIn">
<arg>2s</arg>
<doc>Pauses the test executed for the given time.</doc>
<msg timestamp="20230123 15:27:25.511" level="INFO">Slept 2 seconds</msg>
<status status="PASS" starttime="20230123 15:27:23.510" endtime="20230123 15:27:25.511"/>
</kw>
<kw name="Handle Alert" library="Selenium2Library">
<arg>ACCEPT</arg>
<arg>timeout=3s</arg>
<doc>Handles the current alert and returns its message.</doc>
<msg timestamp="20230123 15:27:25.513" level="INFO">HANDLE::&lt;class 'datetime.timedelta'&gt;::0:00:03</msg>
<status status="PASS" starttime="20230123 15:27:25.511" endtime="20230123 15:27:25.526"/>
</kw>
<kw name="Sleep" library="BuiltIn">
<arg>1s</arg>
<doc>Pauses the test executed for the given time.</doc>
<msg timestamp="20230123 15:27:26.529" level="INFO">Slept 1 second</msg>
<status status="PASS" starttime="20230123 15:27:25.527" endtime="20230123 15:27:26.529"/>
</kw>
<kw name="Alert Should Be Present" library="Selenium2Library">
<doc>Verifies that an alert is present and by default, accepts it.</doc>
<msg timestamp="20230123 15:27:26.530" level="INFO">HANDLE::&lt;class 'NoneType'&gt;::None</msg>
<status status="PASS" starttime="20230123 15:27:26.529" endtime="20230123 15:27:26.540"/>
</kw>
<kw name="Log To Console" library="BuiltIn">
<arg>La alerta está presente</arg>
<doc>Logs the given message to the console.</doc>
<status status="PASS" starttime="20230123 15:27:26.541" endtime="20230123 15:27:26.545"/>
</kw>
<kw name="Sleep" library="BuiltIn">
<arg>2s</arg>
<doc>Pauses the test executed for the given time.</doc>
<msg timestamp="20230123 15:27:28.547" level="INFO">Slept 2 seconds</msg>
<status status="PASS" starttime="20230123 15:27:26.546" endtime="20230123 15:27:28.547"/>
</kw>
<status status="PASS" starttime="20230123 15:27:22.325" endtime="20230123 15:27:28.548"/>
</kw>
<kw name="AND Validación búsqueda de Cédula del solicitante, valor vacío">
<kw name="Click Element" library="Selenium2Library">
<arg>name=linkShow</arg>
<doc>Click the element identified by ``locator``.</doc>
<msg timestamp="20230123 15:27:28.549" level="INFO">Clicking element 'name=linkShow'.</msg>
<status status="PASS" starttime="20230123 15:27:28.549" endtime="20230123 15:27:28.668"/>
</kw>
<kw name="Sleep" library="BuiltIn">
<arg>1s</arg>
<doc>Pauses the test executed for the given time.</doc>
<msg timestamp="20230123 15:27:29.670" level="INFO">Slept 1 second</msg>
<status status="PASS" starttime="20230123 15:27:28.668" endtime="20230123 15:27:29.670"/>
</kw>
<kw name="Wait Until Element Is Visible" library="Selenium2Library">
<arg>xpath=//*[@id="tableMessage"]/tbody/tr/td[3]</arg>
<doc>Waits until the element ``locator`` is visible.</doc>
<status status="PASS" starttime="20230123 15:27:29.670" endtime="20230123 15:27:29.702"/>
</kw>
<kw name="Element Should Contain" library="Selenium2Library">
<arg>xpath=//*[@id="tableMessage"]/tbody/tr/td[3]</arg>
<arg>El campo Cédula del Solicitante no puede ser vacio</arg>
<doc>Verifies that element ``locator`` contains text ``expected``.</doc>
<msg timestamp="20230123 15:27:29.728" level="INFO">Element 'xpath=//*[@id="tableMessage"]/tbody/tr/td[3]' contains text 'El campo Cédula del Solicitante no puede ser vacio'.</msg>
<status status="PASS" starttime="20230123 15:27:29.702" endtime="20230123 15:27:29.729"/>
</kw>
<kw name="Sleep" library="BuiltIn">
<arg>1s</arg>
<doc>Pauses the test executed for the given time.</doc>
<msg timestamp="20230123 15:27:30.729" level="INFO">Slept 1 second</msg>
<status status="PASS" starttime="20230123 15:27:29.729" endtime="20230123 15:27:30.730"/>
</kw>
<status status="PASS" starttime="20230123 15:27:28.548" endtime="20230123 15:27:30.730"/>
</kw>
<kw name="AND Validación búsqueda de Cédula del Solicitante, valor incorrecto">
<kw name="Click Element" library="Selenium2Library">
<arg>name=textApplicantIdCard</arg>
<doc>Click the element identified by ``locator``.</doc>
<msg timestamp="20230123 15:27:30.732" level="INFO">Clicking element 'name=textApplicantIdCard'.</msg>
<status status="PASS" starttime="20230123 15:27:30.731" endtime="20230123 15:27:30.852"/>
</kw>
<kw name="Input Text" library="Selenium2Library">
<arg>name=textApplicantIdCard</arg>
<arg>0011605011026T</arg>
<doc>Types the given ``text`` into the text field identified by ``locator``.</doc>
<msg timestamp="20230123 15:27:30.854" level="INFO">Typing text '0011605011026T' into text field 'name=textApplicantIdCard'.</msg>
<status status="PASS" starttime="20230123 15:27:30.852" endtime="20230123 15:27:30.985"/>
</kw>
<kw name="Sleep" library="BuiltIn">
<arg>1s</arg>
<doc>Pauses the test executed for the given time.</doc>
<msg timestamp="20230123 15:27:31.988" level="INFO">Slept 1 second</msg>
<status status="PASS" starttime="20230123 15:27:30.986" endtime="20230123 15:27:31.988"/>
</kw>
<kw name="Click Element" library="Selenium2Library">
<arg>name=linkShow</arg>
<doc>Click the element identified by ``locator``.</doc>
<msg timestamp="20230123 15:27:31.989" level="INFO">Clicking element 'name=linkShow'.</msg>
<status status="PASS" starttime="20230123 15:27:31.988" endtime="20230123 15:27:32.099"/>
</kw>
<kw name="Wait Until Element Contains" library="Selenium2Library">
<arg>xpath=//*[@id="tableMessage"]/tbody/tr/td[3]</arg>
<arg>No se ha encontrado el contribuyente</arg>
<doc>Waits until the element ``locator`` contains ``text``.</doc>
<status status="PASS" starttime="20230123 15:27:32.099" endtime="20230123 15:27:33.633"/>
</kw>
<kw name="Sleep" library="BuiltIn">
<arg>1s</arg>
<doc>Pauses the test executed for the given time.</doc>
<msg timestamp="20230123 15:27:34.633" level="INFO">Slept 1 second</msg>
<status status="PASS" starttime="20230123 15:27:33.633" endtime="20230123 15:27:34.634"/>
</kw>
<status status="PASS" starttime="20230123 15:27:30.730" endtime="20230123 15:27:34.634"/>
</kw>
<kw name="AND Búsqueda Cédula del solicitante, valor correcto">
<kw name="Click Element" library="Selenium2Library">
<arg>name=textApplicantIdCard</arg>
<doc>Click the element identified by ``locator``.</doc>
<msg timestamp="20230123 15:27:34.638" level="INFO">Clicking element 'name=textApplicantIdCard'.</msg>
<status status="PASS" starttime="20230123 15:27:34.636" endtime="20230123 15:27:34.755"/>
</kw>
<kw name="Leer Xml" library="xmlReader">
<var>${CedulaSoli}</var>
<arg>${rutaSolicitante}</arg>
<arg>cedula</arg>
<msg timestamp="20230123 15:27:34.769" level="INFO">${CedulaSoli} = 0011605011025T</msg>
<status status="PASS" starttime="20230123 15:27:34.756" endtime="20230123 15:27:34.769"/>
</kw>
<kw name="Input Text" library="Selenium2Library">
<arg>name=textApplicantIdCard</arg>
<arg>${CedulaSoli}</arg>
<doc>Types the given ``text`` into the text field identified by ``locator``.</doc>
<msg timestamp="20230123 15:27:34.771" level="INFO">Typing text '0011605011025T' into text field 'name=textApplicantIdCard'.</msg>
<status status="PASS" starttime="20230123 15:27:34.770" endtime="20230123 15:27:34.921"/>
</kw>
<kw name="Sleep" library="BuiltIn">
<arg>1s</arg>
<doc>Pauses the test executed for the given time.</doc>
<msg timestamp="20230123 15:27:35.923" level="INFO">Slept 1 second</msg>
<status status="PASS" starttime="20230123 15:27:34.921" endtime="20230123 15:27:35.923"/>
</kw>
<kw name="Click Element" library="Selenium2Library">
<arg>name=linkShow</arg>
<doc>Click the element identified by ``locator``.</doc>
<msg timestamp="20230123 15:27:35.924" level="INFO">Clicking element 'name=linkShow'.</msg>
<status status="PASS" starttime="20230123 15:27:35.923" endtime="20230123 15:27:36.018"/>
</kw>
<kw name="Sleep" library="BuiltIn">
<arg>2s</arg>
<doc>Pauses the test executed for the given time.</doc>
<msg timestamp="20230123 15:27:38.019" level="INFO">Slept 2 seconds</msg>
<status status="PASS" starttime="20230123 15:27:36.018" endtime="20230123 15:27:38.019"/>
</kw>
<status status="PASS" starttime="20230123 15:27:34.635" endtime="20230123 15:27:38.020"/>
</kw>
<kw name="AND Registro de información requerida en la sección Contribuyente">
<kw name="Tipo de contribuyente">
<kw name="Click Element" library="Selenium2Library">
<arg>name=clientControl$ddTypeActor</arg>
<doc>Click the element identified by ``locator``.</doc>
<msg timestamp="20230123 15:27:38.025" level="INFO">Clicking element 'name=clientControl$ddTypeActor'.</msg>
<status status="PASS" starttime="20230123 15:27:38.023" endtime="20230123 15:27:38.135"/>
</kw>
<kw name="Leer Xml" library="xmlReader">
<var>${TipoPersona}</var>
<arg>${rutaContribuyente}</arg>
<arg>tipoPersona</arg>
<msg timestamp="20230123 15:27:38.139" level="INFO">${TipoPersona} = Natural</msg>
<status status="PASS" starttime="20230123 15:27:38.136" endtime="20230123 15:27:38.139"/>
</kw>
<kw name="Select From List By Label" library="Selenium2Library">
<arg>name=clientControl$ddTypeActor</arg>
<arg>${TipoPersona}</arg>
<doc>Selects options from selection list ``locator`` by ``labels``.</doc>
<msg timestamp="20230123 15:27:38.141" level="INFO">Selecting options from selection list 'name=clientControl$ddTypeActor' by label Natural.</msg>
<status status="PASS" starttime="20230123 15:27:38.140" endtime="20230123 15:27:38.286"/>
</kw>
<kw name="Sleep" library="BuiltIn">
<arg>1s</arg>
<doc>Pauses the test executed for the given time.</doc>
<msg timestamp="20230123 15:27:39.288" level="INFO">Slept 1 second</msg>
<status status="PASS" starttime="20230123 15:27:38.286" endtime="20230123 15:27:39.288"/>
</kw>
<status status="PASS" starttime="20230123 15:27:38.022" endtime="20230123 15:27:39.288"/>
</kw>
<kw name="Primer nombre contribuyente">
<kw name="Leer Xml" library="xmlReader">
<var>${primerNombre}</var>
<arg>${rutaContribuyente}</arg>
<arg>primerNom</arg>
<msg timestamp="20230123 15:27:39.291" level="INFO">${primerNombre} = Juan</msg>
<status status="PASS" starttime="20230123 15:27:39.289" endtime="20230123 15:27:39.291"/>
</kw>
<kw name="Input Text" library="Selenium2Library">
<arg>name=clientControl$textActorFFNameTradeName</arg>
<arg>${primerNombre}</arg>
<doc>Types the given ``text`` into the text field identified by ``locator``.</doc>
<msg timestamp="20230123 15:27:39.292" level="INFO">Typing text 'Juan' into text field 'name=clientControl$textActorFFNameTradeName'.</msg>
<status status="PASS" starttime="20230123 15:27:39.291" endtime="20230123 15:27:39.418"/>
</kw>
<status status="PASS" starttime="20230123 15:27:39.288" endtime="20230123 15:27:39.418"/>
</kw>
<kw name="Tipo de docuemnto de identidad">
<kw name="Click Element" library="Selenium2Library">
<arg>name=clientControl$ddTypeIdCard</arg>
<doc>Click the element identified by ``locator``.</doc>
<msg timestamp="20230123 15:27:39.419" level="INFO">Clicking element 'name=clientControl$ddTypeIdCard'.</msg>
<status status="PASS" starttime="20230123 15:27:39.419" endtime="20230123 15:27:39.536"/>
</kw>
<kw name="Leer Xml" library="xmlReader">
<var>${tipoDocumento}</var>
<arg>${rutaContribuyente}</arg>
<arg>documentoID</arg>
<msg timestamp="20230123 15:27:39.538" level="INFO">${tipoDocumento} = Cédula</msg>
<status status="PASS" starttime="20230123 15:27:39.537" endtime="20230123 15:27:39.539"/>
</kw>
<kw name="Select From List By Label" library="Selenium2Library">
<arg>name=clientControl$ddTypeIdCard</arg>
<arg>${tipoDocumento}</arg>
<doc>Selects options from selection list ``locator`` by ``labels``.</doc>
<msg timestamp="20230123 15:27:39.541" level="INFO">Selecting options from selection list 'name=clientControl$ddTypeIdCard' by label Cédula.</msg>
<status status="PASS" starttime="20230123 15:27:39.540" endtime="20230123 15:27:39.652"/>
</kw>
<status status="PASS" starttime="20230123 15:27:39.418" endtime="20230123 15:27:39.653"/>
</kw>
<kw name="Día de nacimiento del contribuyente">
<kw name="Click Element" library="Selenium2Library">
<arg>name=clientControl$ddlDayActorBirthday</arg>
<doc>Click the element identified by ``locator``.</doc>
<msg timestamp="20230123 15:27:39.655" level="INFO">Clicking element 'name=clientControl$ddlDayActorBirthday'.</msg>
<status status="PASS" starttime="20230123 15:27:39.654" endtime="20230123 15:27:39.771"/>
</kw>
<kw name="Leer Xml" library="xmlReader">
<var>${diaNaci}</var>
<arg>${rutaContribuyente}</arg>
<arg>diaNaci</arg>
<msg timestamp="20230123 15:27:39.772" level="INFO">${diaNaci} = 10</msg>
<status status="PASS" starttime="20230123 15:27:39.771" endtime="20230123 15:27:39.773"/>
</kw>
<kw name="Select From List By Label" library="Selenium2Library">
<arg>name=clientControl$ddlDayActorBirthday</arg>
<arg>${diaNaci}</arg>
<doc>Selects options from selection list ``locator`` by ``labels``.</doc>
<msg timestamp="20230123 15:27:39.775" level="INFO">Selecting options from selection list 'name=clientControl$ddlDayActorBirthday' by label 10.</msg>
<status status="PASS" starttime="20230123 15:27:39.773" endtime="20230123 15:27:39.912"/>
</kw>
<status status="PASS" starttime="20230123 15:27:39.654" endtime="20230123 15:27:39.913"/>
</kw>
<kw name="Mes de nacimiento del contribuyente">
<kw name="Click Element" library="Selenium2Library">
<arg>name=clientControl$ddlMonthActorBirthday</arg>
<doc>Click the element identified by ``locator``.</doc>
<msg timestamp="20230123 15:27:39.914" level="INFO">Clicking element 'name=clientControl$ddlMonthActorBirthday'.</msg>
<status status="PASS" starttime="20230123 15:27:39.914" endtime="20230123 15:27:40.039"/>
</kw>
<kw name="Leer Xml" library="xmlReader">
<var>${mesNaci}</var>
<arg>${rutaContribuyente}</arg>
<arg>mesNaci</arg>
<msg timestamp="20230123 15:27:40.041" level="INFO">${mesNaci} = octubre</msg>
<status status="PASS" starttime="20230123 15:27:40.040" endtime="20230123 15:27:40.041"/>
</kw>
<kw name="Select From List By Label" library="Selenium2Library">
<arg>name=clientControl$ddlMonthActorBirthday</arg>
<arg>${mesNaci}</arg>
<doc>Selects options from selection list ``locator`` by ``labels``.</doc>
<msg timestamp="20230123 15:27:40.067" level="INFO">Selecting options from selection list 'name=clientControl$ddlMonthActorBirthday' by label octubre.</msg>
<status status="PASS" starttime="20230123 15:27:40.042" endtime="20230123 15:27:40.173"/>
</kw>
<status status="PASS" starttime="20230123 15:27:39.913" endtime="20230123 15:27:40.174"/>
</kw>
<kw name="Año de nacimiento del contribuyente">
<kw name="Click Element" library="Selenium2Library">
<arg>name=clientControl$ddlYearActorBirthday</arg>
<doc>Click the element identified by ``locator``.</doc>
<msg timestamp="20230123 15:27:40.175" level="INFO">Clicking element 'name=clientControl$ddlYearActorBirthday'.</msg>
<status status="PASS" starttime="20230123 15:27:40.175" endtime="20230123 15:27:40.304"/>
</kw>
<kw name="Leer Xml" library="xmlReader">
<var>${añoNaci}</var>
<arg>${rutaContribuyente}</arg>
<arg>añoNaci</arg>
<msg timestamp="20230123 15:27:40.305" level="INFO">${añoNaci} = 2010</msg>
<status status="PASS" starttime="20230123 15:27:40.304" endtime="20230123 15:27:40.305"/>
</kw>
<kw name="Select From List By Label" library="Selenium2Library">
<arg>name=clientControl$ddlYearActorBirthday</arg>
<arg>${añoNaci}</arg>
<doc>Selects options from selection list ``locator`` by ``labels``.</doc>
<msg timestamp="20230123 15:27:40.307" level="INFO">Selecting options from selection list 'name=clientControl$ddlYearActorBirthday' by label 2010.</msg>
<status status="PASS" starttime="20230123 15:27:40.306" endtime="20230123 15:27:40.432"/>
</kw>
<status status="PASS" starttime="20230123 15:27:40.174" endtime="20230123 15:27:40.432"/>
</kw>
<kw name="Primer apellido del contribuyente">
<kw name="Click Element" library="Selenium2Library">
<arg>name=clientControl$textActorLFNameCommercialName</arg>
<doc>Click the element identified by ``locator``.</doc>
<msg timestamp="20230123 15:27:40.434" level="INFO">Clicking element 'name=clientControl$textActorLFNameCommercialName'.</msg>
<status status="PASS" starttime="20230123 15:27:40.433" endtime="20230123 15:27:40.542"/>
</kw>
<kw name="Leer Xml" library="xmlReader">
<var>${primerApellido}</var>
<arg>${rutaContribuyente}</arg>
<arg>primerApe</arg>
<msg timestamp="20230123 15:27:40.543" level="INFO">${primerApellido} = Fulano</msg>
<status status="PASS" starttime="20230123 15:27:40.543" endtime="20230123 15:27:40.544"/>
</kw>
<kw name="Input Text" library="Selenium2Library">
<arg>name=clientControl$textActorLFNameCommercialName</arg>
<arg>${primerApellido}</arg>
<doc>Types the given ``text`` into the text field identified by ``locator``.</doc>
<msg timestamp="20230123 15:27:40.545" level="INFO">Typing text 'Fulano' into text field 'name=clientControl$textActorLFNameCommercialName'.</msg>
<status status="PASS" starttime="20230123 15:27:40.544" endtime="20230123 15:27:40.629"/>
</kw>
<status status="PASS" starttime="20230123 15:27:40.433" endtime="20230123 15:27:40.629"/>
</kw>
<kw name="Número de identificacion del contribuyente">
<kw name="Leer Xml" library="xmlReader">
<var>${ID}</var>
<arg>${rutaContribuyente}</arg>
<arg>identificacion</arg>
<msg timestamp="20230123 15:27:40.630" level="INFO">${ID} = 90011234567890Prueb6ss76</msg>
<status status="PASS" starttime="20230123 15:27:40.630" endtime="20230123 15:27:40.631"/>
</kw>
<kw name="Click Element" library="Selenium2Library">
<arg>name=clientControl$textActorIdCard</arg>
<doc>Click the element identified by ``locator``.</doc>
<msg timestamp="20230123 15:27:40.632" level="INFO">Clicking element 'name=clientControl$textActorIdCard'.</msg>
<status status="PASS" starttime="20230123 15:27:40.631" endtime="20230123 15:27:40.735"/>
</kw>
<kw name="Input Text" library="Selenium2Library">
<arg>name=clientControl$textActorIdCard</arg>
<arg>${ID}</arg>
<doc>Types the given ``text`` into the text field identified by ``locator``.</doc>
<msg timestamp="20230123 15:27:40.736" level="INFO">Typing text '90011234567890Prueb6ss76' into text field 'name=clientControl$textActorIdCard'.</msg>
<status status="PASS" starttime="20230123 15:27:40.735" endtime="20230123 15:27:40.865"/>
</kw>
<kw name="Sleep" library="BuiltIn">
<arg>1s</arg>
<doc>Pauses the test executed for the given time.</doc>
<msg timestamp="20230123 15:27:41.867" level="INFO">Slept 1 second</msg>
<status status="PASS" starttime="20230123 15:27:40.865" endtime="20230123 15:27:41.867"/>
</kw>
<status status="PASS" starttime="20230123 15:27:40.629" endtime="20230123 15:27:41.867"/>
</kw>
<kw name="Género del contribuyente">
<kw name="Leer Xml" library="xmlReader">
<var>${genero}</var>
<arg>${rutaContribuyente}</arg>
<arg>genero</arg>
<msg timestamp="20230123 15:27:41.870" level="INFO">${genero} = Masculino</msg>
<status status="PASS" starttime="20230123 15:27:41.868" endtime="20230123 15:27:41.870"/>
</kw>
<kw name="Click Element" library="Selenium2Library">
<arg>name=clientControl$ddGenderName</arg>
<doc>Click the element identified by ``locator``.</doc>
<msg timestamp="20230123 15:27:41.871" level="INFO">Clicking element 'name=clientControl$ddGenderName'.</msg>
<status status="PASS" starttime="20230123 15:27:41.870" endtime="20230123 15:27:41.991"/>
</kw>
<kw name="Select From List By Label" library="Selenium2Library">
<arg>name=clientControl$ddGenderName</arg>
<arg>${genero}</arg>
<doc>Selects options from selection list ``locator`` by ``labels``.</doc>
<msg timestamp="20230123 15:27:41.994" level="INFO">Selecting options from selection list 'name=clientControl$ddGenderName' by label Masculino.</msg>
<status status="PASS" starttime="20230123 15:27:41.991" endtime="20230123 15:27:42.118"/>
</kw>
<kw name="Wait Until Element Contains" library="Selenium2Library">
<arg>name=clientControl$ddGenderName</arg>
<arg>${genero}</arg>
<doc>Waits until the element ``locator`` contains ``text``.</doc>
<status status="PASS" starttime="20230123 15:27:42.119" endtime="20230123 15:27:42.147"/>
</kw>
<status status="PASS" starttime="20230123 15:27:41.868" endtime="20230123 15:27:42.147"/>
</kw>
<kw name="Sleep" library="BuiltIn">
<arg>1s</arg>
<doc>Pauses the test executed for the given time.</doc>
<msg timestamp="20230123 15:27:43.148" level="INFO">Slept 1 second</msg>
<status status="PASS" starttime="20230123 15:27:42.147" endtime="20230123 15:27:43.148"/>
</kw>
<status status="PASS" starttime="20230123 15:27:38.020" endtime="20230123 15:27:43.149"/>
</kw>
<kw name="AND Registro de información requerida en la sección dirección">
<kw name="Tipo de dirección del contribuyente">
<kw name="Leer Xml" library="xmlReader">
<var>${tipoDireccion}</var>
<arg>${rutaDireccion}</arg>
<arg>tipoDireccion</arg>
<msg timestamp="20230123 15:27:43.180" level="INFO">${tipoDireccion} = Censo</msg>
<status status="PASS" starttime="20230123 15:27:43.151" endtime="20230123 15:27:43.180"/>
</kw>
<kw name="Click Element" library="Selenium2Library">
<arg>name=clientControl$ddlTypeAddress</arg>
<doc>Click the element identified by ``locator``.</doc>
<msg timestamp="20230123 15:27:43.181" level="INFO">Clicking element 'name=clientControl$ddlTypeAddress'.</msg>
<status status="PASS" starttime="20230123 15:27:43.180" endtime="20230123 15:27:43.330"/>
</kw>
<kw name="Select From List By Label" library="Selenium2Library">
<arg>name=clientControl$ddlTypeAddress</arg>
<arg>${tipoDireccion}</arg>
<doc>Selects options from selection list ``locator`` by ``labels``.</doc>
<msg timestamp="20230123 15:27:43.331" level="INFO">Selecting options from selection list 'name=clientControl$ddlTypeAddress' by label Censo.</msg>
<status status="PASS" starttime="20230123 15:27:43.330" endtime="20230123 15:27:43.448"/>
</kw>
<status status="PASS" starttime="20230123 15:27:43.150" endtime="20230123 15:27:43.448"/>
</kw>
<kw name="Edificio / casa del contribuyente">
<kw name="Leer Xml" library="xmlReader">
<var>${edificio}</var>
<arg>${rutaDireccion}</arg>
<arg>edificioCasa</arg>
<msg timestamp="20230123 15:27:43.450" level="INFO">${edificio} = Calle 1</msg>
<status status="PASS" starttime="20230123 15:27:43.449" endtime="20230123 15:27:43.450"/>
</kw>
<kw name="Click Element" library="Selenium2Library">
<arg>name=clientControl$textAddressRealEstate</arg>
<doc>Click the element identified by ``locator``.</doc>
<msg timestamp="20230123 15:27:43.451" level="INFO">Clicking element 'name=clientControl$textAddressRealEstate'.</msg>
<status status="PASS" starttime="20230123 15:27:43.450" endtime="20230123 15:27:43.565"/>
</kw>
<kw name="Input Text" library="Selenium2Library">
<arg>name=clientControl$textAddressRealEstate</arg>
<arg>${edificio}</arg>
<doc>Types the given ``text`` into the text field identified by ``locator``.</doc>
<msg timestamp="20230123 15:27:43.566" level="INFO">Typing text 'Calle 1' into text field 'name=clientControl$textAddressRealEstate'.</msg>
<status status="PASS" starttime="20230123 15:27:43.565" endtime="20230123 15:27:43.660"/>
</kw>
<status status="PASS" starttime="20230123 15:27:43.448" endtime="20230123 15:27:43.660"/>
</kw>
<kw name="Distrito de la dirección">
<kw name="Leer Xml" library="xmlReader">
<var>${distrito}</var>
<arg>${rutaDireccion}</arg>
<arg>distrito</arg>
<msg timestamp="20230123 15:27:43.662" level="INFO">${distrito} = DISTRITO 1</msg>
<status status="PASS" starttime="20230123 15:27:43.661" endtime="20230123 15:27:43.662"/>
</kw>
<kw name="Click Element" library="Selenium2Library">
<arg>name=clientControl$dlHousingDevName</arg>
<doc>Click the element identified by ``locator``.</doc>
<msg timestamp="20230123 15:27:43.663" level="INFO">Clicking element 'name=clientControl$dlHousingDevName'.</msg>
<status status="PASS" starttime="20230123 15:27:43.662" endtime="20230123 15:27:43.789"/>
</kw>
<kw name="Select From List By Label" library="Selenium2Library">
<arg>name=clientControl$dlHousingDevName</arg>
<arg>${distrito}</arg>
<doc>Selects options from selection list ``locator`` by ``labels``.</doc>
<msg timestamp="20230123 15:27:43.790" level="INFO">Selecting options from selection list 'name=clientControl$dlHousingDevName' by label DISTRITO 1.</msg>
<status status="PASS" starttime="20230123 15:27:43.789" endtime="20230123 15:27:43.935"/>
</kw>
<kw name="Sleep" library="BuiltIn">
<arg>1s</arg>
<doc>Pauses the test executed for the given time.</doc>
<msg timestamp="20230123 15:27:44.937" level="INFO">Slept 1 second</msg>
<status status="PASS" starttime="20230123 15:27:43.936" endtime="20230123 15:27:44.937"/>
</kw>
<status status="PASS" starttime="20230123 15:27:43.660" endtime="20230123 15:27:44.937"/>
</kw>
<kw name="Barrio de la dirección">
<kw name="Sleep" library="BuiltIn">
<arg>1s</arg>
<doc>Pauses the test executed for the given time.</doc>
<msg timestamp="20230123 15:27:45.940" level="INFO">Slept 1 second</msg>
<status status="PASS" starttime="20230123 15:27:44.938" endtime="20230123 15:27:45.940"/>
</kw>
<kw name="Leer Xml" library="xmlReader">
<var>${barrio}</var>
<arg>${rutaDireccion}</arg>
<arg>barrio</arg>
<msg timestamp="20230123 15:27:45.942" level="INFO">${barrio} = AMARETTO</msg>
<status status="PASS" starttime="20230123 15:27:45.940" endtime="20230123 15:27:45.942"/>
</kw>
<kw name="Click Element" library="Selenium2Library">
<arg>name=clientControl$dlZipCodeName</arg>
<doc>Click the element identified by ``locator``.</doc>
<msg timestamp="20230123 15:27:45.944" level="INFO">Clicking element 'name=clientControl$dlZipCodeName'.</msg>
<status status="PASS" starttime="20230123 15:27:45.943" endtime="20230123 15:27:46.126"/>
</kw>
<kw name="Select From List By Label" library="Selenium2Library">
<arg>name=clientControl$dlZipCodeName</arg>
<arg>${barrio}</arg>
<doc>Selects options from selection list ``locator`` by ``labels``.</doc>
<msg timestamp="20230123 15:27:46.129" level="INFO">Selecting options from selection list 'name=clientControl$dlZipCodeName' by label AMARETTO.</msg>
<status status="PASS" starttime="20230123 15:27:46.127" endtime="20230123 15:27:46.275"/>
</kw>
<status status="PASS" starttime="20230123 15:27:44.937" endtime="20230123 15:27:46.275"/>
</kw>
<status status="PASS" starttime="20230123 15:27:43.149" endtime="20230123 15:27:46.276"/>
</kw>
<kw name="AND Registro de información opcional en la sección dirección">
<kw name="Calle a la derecha del inmueble">
<kw name="Leer Xml" library="xmlReader">
<var>${calleDerecha}</var>
<arg>${rutaDireccion}</arg>
<arg>calleDerecha</arg>
<msg timestamp="20230123 15:27:46.279" level="INFO">${calleDerecha} = Derecha</msg>
<status status="PASS" starttime="20230123 15:27:46.278" endtime="20230123 15:27:46.279"/>
</kw>
<kw name="Click Element" library="Selenium2Library">
<arg>name=clientControl$textAddressRightStreet</arg>
<doc>Click the element identified by ``locator``.</doc>
<msg timestamp="20230123 15:27:46.280" level="INFO">Clicking element 'name=clientControl$textAddressRightStreet'.</msg>
<status status="PASS" starttime="20230123 15:27:46.280" endtime="20230123 15:27:46.410"/>
</kw>
<kw name="Input Text" library="Selenium2Library">
<arg>name=clientControl$textAddressRightStreet</arg>
<arg>${calleDerecha}</arg>
<doc>Types the given ``text`` into the text field identified by ``locator``.</doc>
<msg timestamp="20230123 15:27:46.411" level="INFO">Typing text 'Derecha' into text field 'name=clientControl$textAddressRightStreet'.</msg>
<status status="PASS" starttime="20230123 15:27:46.411" endtime="20230123 15:27:46.495"/>
</kw>
<status status="PASS" starttime="20230123 15:27:46.277" endtime="20230123 15:27:46.495"/>
</kw>
<kw name="Calle a la izquierda del inmueble">
<kw name="Leer Xml" library="xmlReader">
<var>${calleIzquierda}</var>
<arg>${rutaDireccion}</arg>
<arg>calleIzquierda</arg>
<msg timestamp="20230123 15:27:46.496" level="INFO">${calleIzquierda} = Izquierda</msg>
<status status="PASS" starttime="20230123 15:27:46.495" endtime="20230123 15:27:46.496"/>
</kw>
<kw name="Click Element" library="Selenium2Library">
<arg>name=clientControl$textRealLeftStreet</arg>
<doc>Click the element identified by ``locator``.</doc>
<msg timestamp="20230123 15:27:46.497" level="INFO">Clicking element 'name=clientControl$textRealLeftStreet'.</msg>
<status status="PASS" starttime="20230123 15:27:46.496" endtime="20230123 15:27:46.604"/>
</kw>
<kw name="Input Text" library="Selenium2Library">
<arg>name=clientControl$textRealLeftStreet</arg>
<arg>${calleIzquierda}</arg>
<doc>Types the given ``text`` into the text field identified by ``locator``.</doc>
<msg timestamp="20230123 15:27:46.606" level="INFO">Typing text 'Izquierda' into text field 'name=clientControl$textRealLeftStreet'.</msg>
<status status="PASS" starttime="20230123 15:27:46.605" endtime="20230123 15:27:46.711"/>
</kw>
<status status="PASS" starttime="20230123 15:27:46.495" endtime="20230123 15:27:46.711"/>
</kw>
<kw name="Apartamento de la dirección">
<kw name="Leer Xml" library="xmlReader">
<var>${apartamento}</var>
<arg>${rutaDireccion}</arg>
<arg>apartamento</arg>
<msg timestamp="20230123 15:27:46.714" level="INFO">${apartamento} = Calle 2</msg>
<status status="PASS" starttime="20230123 15:27:46.712" endtime="20230123 15:27:46.714"/>
</kw>
<kw name="Click Element" library="Selenium2Library">
<arg>name=clientControl$textAddressApartment</arg>
<doc>Click the element identified by ``locator``.</doc>
<msg timestamp="20230123 15:27:46.715" level="INFO">Clicking element 'name=clientControl$textAddressApartment'.</msg>
<status status="PASS" starttime="20230123 15:27:46.714" endtime="20230123 15:27:46.813"/>
</kw>
<kw name="Input Text" library="Selenium2Library">
<arg>name=clientControl$textAddressApartment</arg>
<arg>${apartamento}</arg>
<doc>Types the given ``text`` into the text field identified by ``locator``.</doc>
<msg timestamp="20230123 15:27:46.814" level="INFO">Typing text 'Calle 2' into text field 'name=clientControl$textAddressApartment'.</msg>
<status status="PASS" starttime="20230123 15:27:46.813" endtime="20230123 15:27:46.904"/>
</kw>
<status status="PASS" starttime="20230123 15:27:46.712" endtime="20230123 15:27:46.904"/>
</kw>
<kw name="Piso de la dirección">
<kw name="Leer Xml" library="xmlReader">
<var>${piso}</var>
<arg>${rutaDireccion}</arg>
<arg>piso</arg>
<msg timestamp="20230123 15:27:46.906" level="INFO">${piso} = Calle 3</msg>
<status status="PASS" starttime="20230123 15:27:46.905" endtime="20230123 15:27:46.906"/>
</kw>
<kw name="Click Element" library="Selenium2Library">
<arg>name=clientControl$textAddressFloor</arg>
<doc>Click the element identified by ``locator``.</doc>
<msg timestamp="20230123 15:27:46.907" level="INFO">Clicking element 'name=clientControl$textAddressFloor'.</msg>
<status status="PASS" starttime="20230123 15:27:46.906" endtime="20230123 15:27:47.008"/>
</kw>
<kw name="Input Text" library="Selenium2Library">
<arg>name=clientControl$textAddressFloor</arg>
<arg>${piso}</arg>
<doc>Types the given ``text`` into the text field identified by ``locator``.</doc>
<msg timestamp="20230123 15:27:47.010" level="INFO">Typing text 'Calle 3' into text field 'name=clientControl$textAddressFloor'.</msg>
<status status="PASS" starttime="20230123 15:27:47.009" endtime="20230123 15:27:47.123"/>
</kw>
<status status="PASS" starttime="20230123 15:27:46.904" endtime="20230123 15:27:47.123"/>
</kw>
<kw name="Comentario de la dirección">
<kw name="Leer Xml" library="xmlReader">
<var>${direccion}</var>
<arg>${rutaDireccion}</arg>
<arg>direccion</arg>
<msg timestamp="20230123 15:27:47.125" level="INFO">${direccion} = Del barrio indicado, 1 cuadra de la esquita, 2 a la otra esquina</msg>
<status status="PASS" starttime="20230123 15:27:47.124" endtime="20230123 15:27:47.126"/>
</kw>
<kw name="Click Element" library="Selenium2Library">
<arg>name=clientControl$textRealEstateStreet</arg>
<doc>Click the element identified by ``locator``.</doc>
<msg timestamp="20230123 15:27:47.127" level="INFO">Clicking element 'name=clientControl$textRealEstateStreet'.</msg>
<status status="PASS" starttime="20230123 15:27:47.126" endtime="20230123 15:27:47.237"/>
</kw>
<kw name="Input Text" library="Selenium2Library">
<arg>name=clientControl$textRealEstateStreet</arg>
<arg>${direccion}</arg>
<doc>Types the given ``text`` into the text field identified by ``locator``.</doc>
<msg timestamp="20230123 15:27:47.239" level="INFO">Typing text 'Del barrio indicado, 1 cuadra de la esquita, 2 a la otra esquina' into text field 'name=clientControl$textRealEstateStreet'.</msg>
<status status="PASS" starttime="20230123 15:27:47.238" endtime="20230123 15:27:47.430"/>
</kw>
<kw name="Sleep" library="BuiltIn">
<arg>1s</arg>
<doc>Pauses the test executed for the given time.</doc>
<msg timestamp="20230123 15:27:48.430" level="INFO">Slept 1 second</msg>
<status status="PASS" starttime="20230123 15:27:47.430" endtime="20230123 15:27:48.430"/>
</kw>
<status status="PASS" starttime="20230123 15:27:47.123" endtime="20230123 15:27:48.430"/>
</kw>
<kw name="Sleep" library="BuiltIn">
<arg>1s</arg>
<doc>Pauses the test executed for the given time.</doc>
<msg timestamp="20230123 15:27:49.434" level="INFO">Slept 1 second</msg>
<status status="PASS" starttime="20230123 15:27:48.431" endtime="20230123 15:27:49.434"/>
</kw>
<status status="PASS" starttime="20230123 15:27:46.276" endtime="20230123 15:27:49.434"/>
</kw>
<kw name="AND Agregar la direccion en la sección dirección">
<kw name="Click Element" library="Selenium2Library">
<arg>name=clientControl$btnAddAddress</arg>
<doc>Click the element identified by ``locator``.</doc>
<msg timestamp="20230123 15:27:49.437" level="INFO">Clicking element 'name=clientControl$btnAddAddress'.</msg>
<status status="PASS" starttime="20230123 15:27:49.435" endtime="20230123 15:27:49.569"/>
</kw>
<kw name="Sleep" library="BuiltIn">
<arg>2s</arg>
<doc>Pauses the test executed for the given time.</doc>
<msg timestamp="20230123 15:27:51.570" level="INFO">Slept 2 seconds</msg>
<status status="PASS" starttime="20230123 15:27:49.570" endtime="20230123 15:27:51.571"/>
</kw>
<status status="PASS" starttime="20230123 15:27:49.435" endtime="20230123 15:27:51.572"/>
</kw>
<status status="PASS" starttime="20230123 15:27:15.921" endtime="20230123 15:27:51.572"/>
</kw>
<kw name="And Crear y aceptar el trámite">
<kw name="AND Creacion del trámite">
<kw name="Wait Until Element Is Visible" library="Selenium2Library">
<arg>name=ibtnCreateProceeding</arg>
<doc>Waits until the element ``locator`` is visible.</doc>
<status status="PASS" starttime="20230123 15:27:51.576" endtime="20230123 15:27:51.637"/>
</kw>
<kw name="Click Element" library="Selenium2Library">
<arg>name=ibtnCreateProceeding</arg>
<doc>Click the element identified by ``locator``.</doc>
<msg timestamp="20230123 15:27:51.638" level="INFO">Clicking element 'name=ibtnCreateProceeding'.</msg>
<status status="PASS" starttime="20230123 15:27:51.637" endtime="20230123 15:27:51.767"/>
</kw>
<kw name="Sleep" library="BuiltIn">
<arg>1s</arg>
<doc>Pauses the test executed for the given time.</doc>
<msg timestamp="20230123 15:27:52.768" level="INFO">Slept 1 second</msg>
<status status="PASS" starttime="20230123 15:27:51.767" endtime="20230123 15:27:52.768"/>
</kw>
<status status="PASS" starttime="20230123 15:27:51.575" endtime="20230123 15:27:52.768"/>
</kw>
<kw name="AND Aceptar creación del trámite">
<kw name="Handle Alert" library="Selenium2Library">
<arg>ACCEPT</arg>
<arg>timeout=3s</arg>
<doc>Handles the current alert and returns its message.</doc>
<msg timestamp="20230123 15:27:52.770" level="INFO">HANDLE::&lt;class 'datetime.timedelta'&gt;::0:00:03</msg>
<status status="PASS" starttime="20230123 15:27:52.770" endtime="20230123 15:27:52.786"/>
</kw>
<kw name="Sleep" library="BuiltIn">
<arg>1s</arg>
<doc>Pauses the test executed for the given time.</doc>
<msg timestamp="20230123 15:27:53.789" level="INFO">Slept 1 second</msg>
<status status="PASS" starttime="20230123 15:27:52.787" endtime="20230123 15:27:53.789"/>
</kw>
<status status="PASS" starttime="20230123 15:27:52.769" endtime="20230123 15:27:53.789"/>
</kw>
<status status="PASS" starttime="20230123 15:27:51.574" endtime="20230123 15:27:53.790"/>
</kw>
<kw name="And Aprobar el trámite">
<kw name="Sleep" library="BuiltIn">
<arg>2s</arg>
<doc>Pauses the test executed for the given time.</doc>
<msg timestamp="20230123 15:27:55.792" level="INFO">Slept 2 seconds</msg>
<status status="PASS" starttime="20230123 15:27:53.791" endtime="20230123 15:27:55.792"/>
</kw>
<kw name="Wait Until Element Is Visible" library="Selenium2Library">
<arg>id=rbStatus_0</arg>
<doc>Waits until the element ``locator`` is visible.</doc>
<status status="PASS" starttime="20230123 15:27:55.792" endtime="20230123 15:27:55.826"/>
</kw>
<kw name="Click Element" library="Selenium2Library">
<arg>id=rbStatus_0</arg>
<doc>Click the element identified by ``locator``.</doc>
<msg timestamp="20230123 15:27:55.827" level="INFO">Clicking element 'id=rbStatus_0'.</msg>
<status status="PASS" starttime="20230123 15:27:55.827" endtime="20230123 15:27:55.937"/>
</kw>
<kw name="Sleep" library="BuiltIn">
<arg>1s</arg>
<doc>Pauses the test executed for the given time.</doc>
<msg timestamp="20230123 15:27:56.938" level="INFO">Slept 1 second</msg>
<status status="PASS" starttime="20230123 15:27:55.937" endtime="20230123 15:27:56.938"/>
</kw>
<kw name="Click Element" library="Selenium2Library">
<arg>name=ibtnSave</arg>
<doc>Click the element identified by ``locator``.</doc>
<msg timestamp="20230123 15:27:56.939" level="INFO">Clicking element 'name=ibtnSave'.</msg>
<status status="PASS" starttime="20230123 15:27:56.938" endtime="20230123 15:27:57.071"/>
</kw>
<kw name="Sleep" library="BuiltIn">
<arg>3s</arg>
<doc>Pauses the test executed for the given time.</doc>
<msg timestamp="20230123 15:28:00.072" level="INFO">Slept 3 seconds</msg>
<status status="PASS" starttime="20230123 15:27:57.071" endtime="20230123 15:28:00.072"/>
</kw>
<status status="PASS" starttime="20230123 15:27:53.791" endtime="20230123 15:28:00.072"/>
</kw>
<kw name="Then Verificar trámite">
<kw name="Wait Until Element Is Visible" library="Selenium2Library">
<arg>name=clientControl$textAcountNumber</arg>
<doc>Waits until the element ``locator`` is visible.</doc>
<status status="PASS" starttime="20230123 15:28:00.074" endtime="20230123 15:28:00.098"/>
</kw>
<kw name="Get Element Attribute" library="Selenium2Library">
<var>${cuentaFiscal}</var>
<arg>id=clientControl_textAcountNumber</arg>
<arg>value</arg>
<doc>Returns the value of ``attribute`` from the element ``locator``.</doc>
<msg timestamp="20230123 15:28:00.136" level="INFO">${cuentaFiscal} = 01-2023-5739610</msg>
<status status="PASS" starttime="20230123 15:28:00.099" endtime="20230123 15:28:00.136"/>
</kw>
<kw name="Ingresar Datos De Salida XML" library="xmlReader">
<arg>ArchivosXML/contribuNatural.xml</arg>
<arg>output</arg>
<arg>numerocontribuyente</arg>
<arg>${cuentaFiscal}</arg>
<status status="PASS" starttime="20230123 15:28:00.136" endtime="20230123 15:28:00.139"/>
</kw>
<kw name="Log To Console" library="BuiltIn">
<arg>Cuenta fiscal-Número de contribuyente: ${cuentaFiscal}</arg>
<doc>Logs the given message to the console.</doc>
<status status="PASS" starttime="20230123 15:28:00.140" endtime="20230123 15:28:00.163"/>
</kw>
<kw name="Sleep" library="BuiltIn">
<arg>3s</arg>
<doc>Pauses the test executed for the given time.</doc>
<msg timestamp="20230123 15:28:03.165" level="INFO">Slept 3 seconds</msg>
<status status="PASS" starttime="20230123 15:28:00.164" endtime="20230123 15:28:03.165"/>
</kw>
<status status="PASS" starttime="20230123 15:28:00.073" endtime="20230123 15:28:03.165"/>
</kw>
<kw name="Detener Grabacion">
<kw name="Stop Video Recording" library="ScreenCapLibrary">
<arg>alias=none</arg>
<doc>Stops the video recording corresponding to the given ``alias`` and generates the file in WebM format. If no
``alias`` is specified, the last opened recording will be closed. If there are more recordings with the same
alias all of them will be closed. If ``embed`` argument was set to
``True`` the video will be displayed in the log file.
Furthermore, if the ``save_to_disk`` parameter is set to ``False``, the video will be embedded and available in
the log file only.</doc>
<msg timestamp="20230123 15:28:03.200" level="INFO" html="true">&lt;a href="prueba%20y_1.webm"&gt;&lt;video width="100px" autoplay&gt;&lt;source src="prueba%20y_1.webm" type="video/webm"&gt;&lt;/video&gt;&lt;/a&gt;</msg>
<status status="PASS" starttime="20230123 15:28:03.167" endtime="20230123 15:28:03.201"/>
</kw>
<status status="PASS" starttime="20230123 15:28:03.166" endtime="20230123 15:28:03.201"/>
</kw>
<kw name="Close All Browsers" library="Selenium2Library">
<doc>Closes all open browsers and resets the browser cache.</doc>
<status status="PASS" starttime="20230123 15:28:03.204" endtime="20230123 15:28:07.604"/>
</kw>
<doc>Creación de sujeto pasivo natural</doc>
<tag>Sujeto pasivo, trámite</tag>
<status status="PASS" starttime="20230123 15:27:03.038" endtime="20230123 15:28:07.606"/>
</test>
<status status="PASS" starttime="20230123 15:27:02.149" endtime="20230123 15:28:07.612"/>
</suite>
<statistics>
<total>
<stat pass="1" fail="0" skip="0">All Tests</stat>
</total>
<tag>
<stat pass="1" fail="0" skip="0">Sujeto pasivo, trámite</stat>
</tag>
<suite>
<stat pass="1" fail="0" skip="0" id="s1" name="Testcase">Testcase</stat>
</suite>
</statistics>
<errors>
</errors>
</robot>
